ARM GAS  /tmp/ccj5uDoO.s 			page 1


   1              		.syntax unified
   2              		.cpu cortex-m3
   3              		.fpu softvfp
   4              		.eabi_attribute 20, 1
   5              		.eabi_attribute 21, 1
   6              		.eabi_attribute 23, 3
   7              		.eabi_attribute 24, 1
   8              		.eabi_attribute 25, 1
   9              		.eabi_attribute 26, 1
  10              		.eabi_attribute 30, 2
  11              		.eabi_attribute 34, 1
  12              		.eabi_attribute 18, 4
  13              		.thumb
  14              		.file	"atmel_psram.c"
  15              		.text
  16              	.Ltext0:
  17              		.cfi_sections	.debug_frame
  18              		.section	.text.BOARD_ConfigurePSRAM,"ax",%progbits
  19              		.align	2
  20              		.p2align 4,,15
  21              		.global	BOARD_ConfigurePSRAM
  22              		.thumb
  23              		.thumb_func
  24              		.type	BOARD_ConfigurePSRAM, %function
  25              	BOARD_ConfigurePSRAM:
  26              	.LFB29:
  27              		.file 1 "../third_party/ChibiOS/os/hal/platforms/AT91SAM3S/atmel_psram.c"
  28              		.loc 1 5 0
  29              		.cfi_startproc
  30              		@ args = 0, pretend = 0, frame = 0
  31              		@ frame_needed = 0, uses_anonymous_args = 0
  32              	.LVL0:
  33 0000 10B5     		push	{r4, lr}
  34              		.cfi_def_cfa_offset 8
  35              		.cfi_offset 4, -8
  36              		.cfi_offset 14, -4
  37              		.loc 1 5 0
  38 0002 0446     		mov	r4, r0
  39              		.loc 1 9 0
  40 0004 0A20     		movs	r0, #10
  41              	.LVL1:
  42 0006 FFF7FEFF 		bl	PMC_EnablePeripheral
  43              	.LVL2:
  44              		.loc 1 20 0
  45 000a 064B     		ldr	r3, .L3
  46              		.loc 1 38 0
  47 000c 0649     		ldr	r1, .L3+4
  48              		.loc 1 41 0
  49 000e 074A     		ldr	r2, .L3+8
  50              		.loc 1 20 0
  51 0010 2363     		str	r3, [r4, #48]
  52              		.loc 1 25 0
  53 0012 6363     		str	r3, [r4, #52]
  54              		.loc 1 38 0
  55 0014 A163     		str	r1, [r4, #56]
  56              		.loc 1 41 0
  57 0016 D36B     		ldr	r3, [r2, #60]
ARM GAS  /tmp/ccj5uDoO.s 			page 2


  58              	.LVL3:
  59 0018 23F44053 		bic	r3, r3, #12288
  60              	.LVL4:
  61              		.loc 1 45 0
  62 001c 43F00303 		orr	r3, r3, #3
  63              	.LVL5:
  64              		.loc 1 42 0
  65 0020 E363     		str	r3, [r4, #60]
  66 0022 10BD     		pop	{r4, pc}
  67              	.LVL6:
  68              	.L4:
  69              		.align	2
  70              	.L3:
  71 0024 03040405 		.word	84149251
  72 0028 04000C00 		.word	786436
  73 002c 00000E40 		.word	1074659328
  74              		.cfi_endproc
  75              	.LFE29:
  76              		.size	BOARD_ConfigurePSRAM, .-BOARD_ConfigurePSRAM
  77              		.text
  78              	.Letext0:
  79              		.file 2 "/usr/include/newlib/machine/_default_types.h"
  80              		.file 3 "/usr/include/newlib/sys/_stdint.h"
  81              		.file 4 "../third_party/ChibiOS/os/hal/platforms/AT91SAM3S/at91lib/SAM3S.h"
  82              		.file 5 "../third_party/ChibiOS/os/hal/platforms/AT91SAM3S/core_cm3.h"
  83              		.file 6 "../third_party/ChibiOS/os/hal/platforms/AT91SAM3S/pmc.h"
  84              		.section	.debug_info,"",%progbits
  85              	.Ldebug_info0:
  86 0000 1E020000 		.4byte	0x21e
  87 0004 0400     		.2byte	0x4
  88 0006 00000000 		.4byte	.Ldebug_abbrev0
  89 000a 04       		.byte	0x4
  90 000b 01       		.uleb128 0x1
  91 000c 3E010000 		.4byte	.LASF28
  92 0010 01       		.byte	0x1
  93 0011 28020000 		.4byte	.LASF29
  94 0015 14000000 		.4byte	.LASF30
  95 0019 00000000 		.4byte	.Ldebug_ranges0+0
  96 001d 00000000 		.4byte	0
  97 0021 00000000 		.4byte	.Ldebug_line0
  98 0025 02       		.uleb128 0x2
  99 0026 01       		.byte	0x1
 100 0027 06       		.byte	0x6
 101 0028 87020000 		.4byte	.LASF0
 102 002c 02       		.uleb128 0x2
 103 002d 01       		.byte	0x1
 104 002e 08       		.byte	0x8
 105 002f 76000000 		.4byte	.LASF1
 106 0033 02       		.uleb128 0x2
 107 0034 02       		.byte	0x2
 108 0035 05       		.byte	0x5
 109 0036 14020000 		.4byte	.LASF2
 110 003a 02       		.uleb128 0x2
 111 003b 02       		.byte	0x2
 112 003c 07       		.byte	0x7
 113 003d 8D000000 		.4byte	.LASF3
 114 0041 02       		.uleb128 0x2
ARM GAS  /tmp/ccj5uDoO.s 			page 3


 115 0042 04       		.byte	0x4
 116 0043 05       		.byte	0x5
 117 0044 71020000 		.4byte	.LASF4
 118 0048 03       		.uleb128 0x3
 119 0049 E5000000 		.4byte	.LASF9
 120 004d 02       		.byte	0x2
 121 004e 41       		.byte	0x41
 122 004f 53000000 		.4byte	0x53
 123 0053 02       		.uleb128 0x2
 124 0054 04       		.byte	0x4
 125 0055 07       		.byte	0x7
 126 0056 D3000000 		.4byte	.LASF5
 127 005a 02       		.uleb128 0x2
 128 005b 08       		.byte	0x8
 129 005c 05       		.byte	0x5
 130 005d 00000000 		.4byte	.LASF6
 131 0061 02       		.uleb128 0x2
 132 0062 08       		.byte	0x8
 133 0063 07       		.byte	0x7
 134 0064 1D010000 		.4byte	.LASF7
 135 0068 04       		.uleb128 0x4
 136 0069 04       		.byte	0x4
 137 006a 05       		.byte	0x5
 138 006b 696E7400 		.ascii	"int\000"
 139 006f 02       		.uleb128 0x2
 140 0070 04       		.byte	0x4
 141 0071 07       		.byte	0x7
 142 0072 06010000 		.4byte	.LASF8
 143 0076 03       		.uleb128 0x3
 144 0077 68020000 		.4byte	.LASF10
 145 007b 03       		.byte	0x3
 146 007c 20       		.byte	0x20
 147 007d 48000000 		.4byte	0x48
 148 0081 03       		.uleb128 0x3
 149 0082 A8020000 		.4byte	.LASF11
 150 0086 04       		.byte	0x4
 151 0087 35       		.byte	0x35
 152 0088 8C000000 		.4byte	0x8c
 153 008c 05       		.uleb128 0x5
 154 008d 91000000 		.4byte	0x91
 155 0091 06       		.uleb128 0x6
 156 0092 76000000 		.4byte	0x76
 157 0096 03       		.uleb128 0x3
 158 0097 C3000000 		.4byte	.LASF12
 159 009b 04       		.byte	0x4
 160 009c 39       		.byte	0x39
 161 009d A1000000 		.4byte	0xa1
 162 00a1 06       		.uleb128 0x6
 163 00a2 76000000 		.4byte	0x76
 164 00a6 03       		.uleb128 0x3
 165 00a7 FC010000 		.4byte	.LASF13
 166 00ab 04       		.byte	0x4
 167 00ac 3A       		.byte	0x3a
 168 00ad A1000000 		.4byte	0xa1
 169 00b1 02       		.uleb128 0x2
 170 00b2 04       		.byte	0x4
 171 00b3 07       		.byte	0x7
ARM GAS  /tmp/ccj5uDoO.s 			page 4


 172 00b4 02020000 		.4byte	.LASF14
 173 00b8 07       		.uleb128 0x7
 174 00b9 A6000000 		.4byte	0xa6
 175 00bd C8000000 		.4byte	0xc8
 176 00c1 08       		.uleb128 0x8
 177 00c2 B1000000 		.4byte	0xb1
 178 00c6 0B       		.byte	0xb
 179 00c7 00       		.byte	0
 180 00c8 09       		.uleb128 0x9
 181 00c9 10       		.byte	0x10
 182 00ca 04       		.byte	0x4
 183 00cb E111     		.2byte	0x11e1
 184 00cd 06010000 		.4byte	0x106
 185 00d1 0A       		.uleb128 0xa
 186 00d2 1E020000 		.4byte	.LASF15
 187 00d6 04       		.byte	0x4
 188 00d7 E211     		.2byte	0x11e2
 189 00d9 A6000000 		.4byte	0xa6
 190 00dd 00       		.byte	0
 191 00de 0A       		.uleb128 0xa
 192 00df 13010000 		.4byte	.LASF16
 193 00e3 04       		.byte	0x4
 194 00e4 E311     		.2byte	0x11e3
 195 00e6 A6000000 		.4byte	0xa6
 196 00ea 04       		.byte	0x4
 197 00eb 0A       		.uleb128 0xa
 198 00ec C9000000 		.4byte	.LASF17
 199 00f0 04       		.byte	0x4
 200 00f1 E411     		.2byte	0x11e4
 201 00f3 A6000000 		.4byte	0xa6
 202 00f7 08       		.byte	0x8
 203 00f8 0A       		.uleb128 0xa
 204 00f9 56000000 		.4byte	.LASF18
 205 00fd 04       		.byte	0x4
 206 00fe E511     		.2byte	0x11e5
 207 0100 A6000000 		.4byte	0xa6
 208 0104 0C       		.byte	0xc
 209 0105 00       		.byte	0
 210 0106 0B       		.uleb128 0xb
 211 0107 7A020000 		.4byte	.LASF19
 212 010b 04       		.byte	0x4
 213 010c E611     		.2byte	0x11e6
 214 010e C8000000 		.4byte	0xc8
 215 0112 09       		.uleb128 0x9
 216 0113 EC       		.byte	0xec
 217 0114 04       		.byte	0x4
 218 0115 E811     		.2byte	0x11e8
 219 0117 84010000 		.4byte	0x184
 220 011b 0A       		.uleb128 0xa
 221 011c A0000000 		.4byte	.LASF20
 222 0120 04       		.byte	0x4
 223 0121 E911     		.2byte	0x11e9
 224 0123 84010000 		.4byte	0x184
 225 0127 00       		.byte	0
 226 0128 0A       		.uleb128 0xa
 227 0129 4C000000 		.4byte	.LASF21
 228 012d 04       		.byte	0x4
ARM GAS  /tmp/ccj5uDoO.s 			page 5


 229 012e EA11     		.2byte	0x11ea
 230 0130 94010000 		.4byte	0x194
 231 0134 50       		.byte	0x50
 232 0135 0A       		.uleb128 0xa
 233 0136 84000000 		.4byte	.LASF22
 234 013a 04       		.byte	0x4
 235 013b EB11     		.2byte	0x11eb
 236 013d A6000000 		.4byte	0xa6
 237 0141 80       		.byte	0x80
 238 0142 0A       		.uleb128 0xa
 239 0143 5F000000 		.4byte	.LASF23
 240 0147 04       		.byte	0x4
 241 0148 EC11     		.2byte	0x11ec
 242 014a 96000000 		.4byte	0x96
 243 014e 84       		.byte	0x84
 244 014f 0A       		.uleb128 0xa
 245 0150 68000000 		.4byte	.LASF24
 246 0154 04       		.byte	0x4
 247 0155 ED11     		.2byte	0x11ed
 248 0157 96000000 		.4byte	0x96
 249 015b 88       		.byte	0x88
 250 015c 0A       		.uleb128 0xa
 251 015d 34010000 		.4byte	.LASF25
 252 0161 04       		.byte	0x4
 253 0162 EE11     		.2byte	0x11ee
 254 0164 A9010000 		.4byte	0x1a9
 255 0168 8C       		.byte	0x8c
 256 0169 0A       		.uleb128 0xa
 257 016a FD000000 		.4byte	.LASF26
 258 016e 04       		.byte	0x4
 259 016f EF11     		.2byte	0x11ef
 260 0171 A6000000 		.4byte	0xa6
 261 0175 E4       		.byte	0xe4
 262 0176 0A       		.uleb128 0xa
 263 0177 0B020000 		.4byte	.LASF27
 264 017b 04       		.byte	0x4
 265 017c F011     		.2byte	0x11f0
 266 017e 81000000 		.4byte	0x81
 267 0182 E8       		.byte	0xe8
 268 0183 00       		.byte	0
 269 0184 07       		.uleb128 0x7
 270 0185 06010000 		.4byte	0x106
 271 0189 94010000 		.4byte	0x194
 272 018d 08       		.uleb128 0x8
 273 018e B1000000 		.4byte	0xb1
 274 0192 04       		.byte	0x4
 275 0193 00       		.byte	0
 276 0194 06       		.uleb128 0x6
 277 0195 B8000000 		.4byte	0xb8
 278 0199 07       		.uleb128 0x7
 279 019a A6000000 		.4byte	0xa6
 280 019e A9010000 		.4byte	0x1a9
 281 01a2 08       		.uleb128 0x8
 282 01a3 B1000000 		.4byte	0xb1
 283 01a7 15       		.byte	0x15
 284 01a8 00       		.byte	0
 285 01a9 06       		.uleb128 0x6
ARM GAS  /tmp/ccj5uDoO.s 			page 6


 286 01aa 99010000 		.4byte	0x199
 287 01ae 0C       		.uleb128 0xc
 288 01af 536D6300 		.ascii	"Smc\000"
 289 01b3 04       		.byte	0x4
 290 01b4 F111     		.2byte	0x11f1
 291 01b6 12010000 		.4byte	0x112
 292 01ba 0D       		.uleb128 0xd
 293 01bb AE000000 		.4byte	.LASF31
 294 01bf 01       		.byte	0x1
 295 01c0 04       		.byte	0x4
 296 01c1 00000000 		.4byte	.LFB29
 297 01c5 30000000 		.4byte	.LFE29-.LFB29
 298 01c9 01       		.uleb128 0x1
 299 01ca 9C       		.byte	0x9c
 300 01cb FD010000 		.4byte	0x1fd
 301 01cf 0E       		.uleb128 0xe
 302 01d0 71000000 		.4byte	.LASF32
 303 01d4 01       		.byte	0x1
 304 01d5 04       		.byte	0x4
 305 01d6 FD010000 		.4byte	0x1fd
 306 01da 00000000 		.4byte	.LLST0
 307 01de 0F       		.uleb128 0xf
 308 01df 0E000000 		.4byte	.LASF33
 309 01e3 01       		.byte	0x1
 310 01e4 06       		.byte	0x6
 311 01e5 76000000 		.4byte	0x76
 312 01e9 2C000000 		.4byte	.LLST1
 313 01ed 10       		.uleb128 0x10
 314 01ee 0A000000 		.4byte	.LVL2
 315 01f2 14020000 		.4byte	0x214
 316 01f6 11       		.uleb128 0x11
 317 01f7 01       		.uleb128 0x1
 318 01f8 50       		.byte	0x50
 319 01f9 01       		.uleb128 0x1
 320 01fa 3A       		.byte	0x3a
 321 01fb 00       		.byte	0
 322 01fc 00       		.byte	0
 323 01fd 12       		.uleb128 0x12
 324 01fe 04       		.byte	0x4
 325 01ff AE010000 		.4byte	0x1ae
 326 0203 13       		.uleb128 0x13
 327 0204 F0000000 		.4byte	.LASF34
 328 0208 05       		.byte	0x5
 329 0209 CE06     		.2byte	0x6ce
 330 020b 0F020000 		.4byte	0x20f
 331 020f 06       		.uleb128 0x6
 332 0210 68000000 		.4byte	0x68
 333 0214 14       		.uleb128 0x14
 334 0215 93020000 		.4byte	.LASF35
 335 0219 06       		.byte	0x6
 336 021a 2E       		.byte	0x2e
 337 021b 15       		.uleb128 0x15
 338 021c 76000000 		.4byte	0x76
 339 0220 00       		.byte	0
 340 0221 00       		.byte	0
 341              		.section	.debug_abbrev,"",%progbits
 342              	.Ldebug_abbrev0:
ARM GAS  /tmp/ccj5uDoO.s 			page 7


 343 0000 01       		.uleb128 0x1
 344 0001 11       		.uleb128 0x11
 345 0002 01       		.byte	0x1
 346 0003 25       		.uleb128 0x25
 347 0004 0E       		.uleb128 0xe
 348 0005 13       		.uleb128 0x13
 349 0006 0B       		.uleb128 0xb
 350 0007 03       		.uleb128 0x3
 351 0008 0E       		.uleb128 0xe
 352 0009 1B       		.uleb128 0x1b
 353 000a 0E       		.uleb128 0xe
 354 000b 55       		.uleb128 0x55
 355 000c 17       		.uleb128 0x17
 356 000d 11       		.uleb128 0x11
 357 000e 01       		.uleb128 0x1
 358 000f 10       		.uleb128 0x10
 359 0010 17       		.uleb128 0x17
 360 0011 00       		.byte	0
 361 0012 00       		.byte	0
 362 0013 02       		.uleb128 0x2
 363 0014 24       		.uleb128 0x24
 364 0015 00       		.byte	0
 365 0016 0B       		.uleb128 0xb
 366 0017 0B       		.uleb128 0xb
 367 0018 3E       		.uleb128 0x3e
 368 0019 0B       		.uleb128 0xb
 369 001a 03       		.uleb128 0x3
 370 001b 0E       		.uleb128 0xe
 371 001c 00       		.byte	0
 372 001d 00       		.byte	0
 373 001e 03       		.uleb128 0x3
 374 001f 16       		.uleb128 0x16
 375 0020 00       		.byte	0
 376 0021 03       		.uleb128 0x3
 377 0022 0E       		.uleb128 0xe
 378 0023 3A       		.uleb128 0x3a
 379 0024 0B       		.uleb128 0xb
 380 0025 3B       		.uleb128 0x3b
 381 0026 0B       		.uleb128 0xb
 382 0027 49       		.uleb128 0x49
 383 0028 13       		.uleb128 0x13
 384 0029 00       		.byte	0
 385 002a 00       		.byte	0
 386 002b 04       		.uleb128 0x4
 387 002c 24       		.uleb128 0x24
 388 002d 00       		.byte	0
 389 002e 0B       		.uleb128 0xb
 390 002f 0B       		.uleb128 0xb
 391 0030 3E       		.uleb128 0x3e
 392 0031 0B       		.uleb128 0xb
 393 0032 03       		.uleb128 0x3
 394 0033 08       		.uleb128 0x8
 395 0034 00       		.byte	0
 396 0035 00       		.byte	0
 397 0036 05       		.uleb128 0x5
 398 0037 26       		.uleb128 0x26
 399 0038 00       		.byte	0
ARM GAS  /tmp/ccj5uDoO.s 			page 8


 400 0039 49       		.uleb128 0x49
 401 003a 13       		.uleb128 0x13
 402 003b 00       		.byte	0
 403 003c 00       		.byte	0
 404 003d 06       		.uleb128 0x6
 405 003e 35       		.uleb128 0x35
 406 003f 00       		.byte	0
 407 0040 49       		.uleb128 0x49
 408 0041 13       		.uleb128 0x13
 409 0042 00       		.byte	0
 410 0043 00       		.byte	0
 411 0044 07       		.uleb128 0x7
 412 0045 01       		.uleb128 0x1
 413 0046 01       		.byte	0x1
 414 0047 49       		.uleb128 0x49
 415 0048 13       		.uleb128 0x13
 416 0049 01       		.uleb128 0x1
 417 004a 13       		.uleb128 0x13
 418 004b 00       		.byte	0
 419 004c 00       		.byte	0
 420 004d 08       		.uleb128 0x8
 421 004e 21       		.uleb128 0x21
 422 004f 00       		.byte	0
 423 0050 49       		.uleb128 0x49
 424 0051 13       		.uleb128 0x13
 425 0052 2F       		.uleb128 0x2f
 426 0053 0B       		.uleb128 0xb
 427 0054 00       		.byte	0
 428 0055 00       		.byte	0
 429 0056 09       		.uleb128 0x9
 430 0057 13       		.uleb128 0x13
 431 0058 01       		.byte	0x1
 432 0059 0B       		.uleb128 0xb
 433 005a 0B       		.uleb128 0xb
 434 005b 3A       		.uleb128 0x3a
 435 005c 0B       		.uleb128 0xb
 436 005d 3B       		.uleb128 0x3b
 437 005e 05       		.uleb128 0x5
 438 005f 01       		.uleb128 0x1
 439 0060 13       		.uleb128 0x13
 440 0061 00       		.byte	0
 441 0062 00       		.byte	0
 442 0063 0A       		.uleb128 0xa
 443 0064 0D       		.uleb128 0xd
 444 0065 00       		.byte	0
 445 0066 03       		.uleb128 0x3
 446 0067 0E       		.uleb128 0xe
 447 0068 3A       		.uleb128 0x3a
 448 0069 0B       		.uleb128 0xb
 449 006a 3B       		.uleb128 0x3b
 450 006b 05       		.uleb128 0x5
 451 006c 49       		.uleb128 0x49
 452 006d 13       		.uleb128 0x13
 453 006e 38       		.uleb128 0x38
 454 006f 0B       		.uleb128 0xb
 455 0070 00       		.byte	0
 456 0071 00       		.byte	0
ARM GAS  /tmp/ccj5uDoO.s 			page 9


 457 0072 0B       		.uleb128 0xb
 458 0073 16       		.uleb128 0x16
 459 0074 00       		.byte	0
 460 0075 03       		.uleb128 0x3
 461 0076 0E       		.uleb128 0xe
 462 0077 3A       		.uleb128 0x3a
 463 0078 0B       		.uleb128 0xb
 464 0079 3B       		.uleb128 0x3b
 465 007a 05       		.uleb128 0x5
 466 007b 49       		.uleb128 0x49
 467 007c 13       		.uleb128 0x13
 468 007d 00       		.byte	0
 469 007e 00       		.byte	0
 470 007f 0C       		.uleb128 0xc
 471 0080 16       		.uleb128 0x16
 472 0081 00       		.byte	0
 473 0082 03       		.uleb128 0x3
 474 0083 08       		.uleb128 0x8
 475 0084 3A       		.uleb128 0x3a
 476 0085 0B       		.uleb128 0xb
 477 0086 3B       		.uleb128 0x3b
 478 0087 05       		.uleb128 0x5
 479 0088 49       		.uleb128 0x49
 480 0089 13       		.uleb128 0x13
 481 008a 00       		.byte	0
 482 008b 00       		.byte	0
 483 008c 0D       		.uleb128 0xd
 484 008d 2E       		.uleb128 0x2e
 485 008e 01       		.byte	0x1
 486 008f 3F       		.uleb128 0x3f
 487 0090 19       		.uleb128 0x19
 488 0091 03       		.uleb128 0x3
 489 0092 0E       		.uleb128 0xe
 490 0093 3A       		.uleb128 0x3a
 491 0094 0B       		.uleb128 0xb
 492 0095 3B       		.uleb128 0x3b
 493 0096 0B       		.uleb128 0xb
 494 0097 27       		.uleb128 0x27
 495 0098 19       		.uleb128 0x19
 496 0099 11       		.uleb128 0x11
 497 009a 01       		.uleb128 0x1
 498 009b 12       		.uleb128 0x12
 499 009c 06       		.uleb128 0x6
 500 009d 40       		.uleb128 0x40
 501 009e 18       		.uleb128 0x18
 502 009f 9742     		.uleb128 0x2117
 503 00a1 19       		.uleb128 0x19
 504 00a2 01       		.uleb128 0x1
 505 00a3 13       		.uleb128 0x13
 506 00a4 00       		.byte	0
 507 00a5 00       		.byte	0
 508 00a6 0E       		.uleb128 0xe
 509 00a7 05       		.uleb128 0x5
 510 00a8 00       		.byte	0
 511 00a9 03       		.uleb128 0x3
 512 00aa 0E       		.uleb128 0xe
 513 00ab 3A       		.uleb128 0x3a
ARM GAS  /tmp/ccj5uDoO.s 			page 10


 514 00ac 0B       		.uleb128 0xb
 515 00ad 3B       		.uleb128 0x3b
 516 00ae 0B       		.uleb128 0xb
 517 00af 49       		.uleb128 0x49
 518 00b0 13       		.uleb128 0x13
 519 00b1 02       		.uleb128 0x2
 520 00b2 17       		.uleb128 0x17
 521 00b3 00       		.byte	0
 522 00b4 00       		.byte	0
 523 00b5 0F       		.uleb128 0xf
 524 00b6 34       		.uleb128 0x34
 525 00b7 00       		.byte	0
 526 00b8 03       		.uleb128 0x3
 527 00b9 0E       		.uleb128 0xe
 528 00ba 3A       		.uleb128 0x3a
 529 00bb 0B       		.uleb128 0xb
 530 00bc 3B       		.uleb128 0x3b
 531 00bd 0B       		.uleb128 0xb
 532 00be 49       		.uleb128 0x49
 533 00bf 13       		.uleb128 0x13
 534 00c0 02       		.uleb128 0x2
 535 00c1 17       		.uleb128 0x17
 536 00c2 00       		.byte	0
 537 00c3 00       		.byte	0
 538 00c4 10       		.uleb128 0x10
 539 00c5 898201   		.uleb128 0x4109
 540 00c8 01       		.byte	0x1
 541 00c9 11       		.uleb128 0x11
 542 00ca 01       		.uleb128 0x1
 543 00cb 31       		.uleb128 0x31
 544 00cc 13       		.uleb128 0x13
 545 00cd 00       		.byte	0
 546 00ce 00       		.byte	0
 547 00cf 11       		.uleb128 0x11
 548 00d0 8A8201   		.uleb128 0x410a
 549 00d3 00       		.byte	0
 550 00d4 02       		.uleb128 0x2
 551 00d5 18       		.uleb128 0x18
 552 00d6 9142     		.uleb128 0x2111
 553 00d8 18       		.uleb128 0x18
 554 00d9 00       		.byte	0
 555 00da 00       		.byte	0
 556 00db 12       		.uleb128 0x12
 557 00dc 0F       		.uleb128 0xf
 558 00dd 00       		.byte	0
 559 00de 0B       		.uleb128 0xb
 560 00df 0B       		.uleb128 0xb
 561 00e0 49       		.uleb128 0x49
 562 00e1 13       		.uleb128 0x13
 563 00e2 00       		.byte	0
 564 00e3 00       		.byte	0
 565 00e4 13       		.uleb128 0x13
 566 00e5 34       		.uleb128 0x34
 567 00e6 00       		.byte	0
 568 00e7 03       		.uleb128 0x3
 569 00e8 0E       		.uleb128 0xe
 570 00e9 3A       		.uleb128 0x3a
ARM GAS  /tmp/ccj5uDoO.s 			page 11


 571 00ea 0B       		.uleb128 0xb
 572 00eb 3B       		.uleb128 0x3b
 573 00ec 05       		.uleb128 0x5
 574 00ed 49       		.uleb128 0x49
 575 00ee 13       		.uleb128 0x13
 576 00ef 3F       		.uleb128 0x3f
 577 00f0 19       		.uleb128 0x19
 578 00f1 3C       		.uleb128 0x3c
 579 00f2 19       		.uleb128 0x19
 580 00f3 00       		.byte	0
 581 00f4 00       		.byte	0
 582 00f5 14       		.uleb128 0x14
 583 00f6 2E       		.uleb128 0x2e
 584 00f7 01       		.byte	0x1
 585 00f8 3F       		.uleb128 0x3f
 586 00f9 19       		.uleb128 0x19
 587 00fa 03       		.uleb128 0x3
 588 00fb 0E       		.uleb128 0xe
 589 00fc 3A       		.uleb128 0x3a
 590 00fd 0B       		.uleb128 0xb
 591 00fe 3B       		.uleb128 0x3b
 592 00ff 0B       		.uleb128 0xb
 593 0100 27       		.uleb128 0x27
 594 0101 19       		.uleb128 0x19
 595 0102 3C       		.uleb128 0x3c
 596 0103 19       		.uleb128 0x19
 597 0104 00       		.byte	0
 598 0105 00       		.byte	0
 599 0106 15       		.uleb128 0x15
 600 0107 05       		.uleb128 0x5
 601 0108 00       		.byte	0
 602 0109 49       		.uleb128 0x49
 603 010a 13       		.uleb128 0x13
 604 010b 00       		.byte	0
 605 010c 00       		.byte	0
 606 010d 00       		.byte	0
 607              		.section	.debug_loc,"",%progbits
 608              	.Ldebug_loc0:
 609              	.LLST0:
 610 0000 00000000 		.4byte	.LVL0
 611 0004 06000000 		.4byte	.LVL1
 612 0008 0100     		.2byte	0x1
 613 000a 50       		.byte	0x50
 614 000b 06000000 		.4byte	.LVL1
 615 000f 24000000 		.4byte	.LVL6
 616 0013 0100     		.2byte	0x1
 617 0015 54       		.byte	0x54
 618 0016 24000000 		.4byte	.LVL6
 619 001a 30000000 		.4byte	.LFE29
 620 001e 0400     		.2byte	0x4
 621 0020 F3       		.byte	0xf3
 622 0021 01       		.uleb128 0x1
 623 0022 50       		.byte	0x50
 624 0023 9F       		.byte	0x9f
 625 0024 00000000 		.4byte	0
 626 0028 00000000 		.4byte	0
 627              	.LLST1:
ARM GAS  /tmp/ccj5uDoO.s 			page 12


 628 002c 18000000 		.4byte	.LVL3
 629 0030 1C000000 		.4byte	.LVL4
 630 0034 0700     		.2byte	0x7
 631 0036 73       		.byte	0x73
 632 0037 00       		.sleb128 0
 633 0038 0B       		.byte	0xb
 634 0039 FFCF     		.2byte	0xcfff
 635 003b 1A       		.byte	0x1a
 636 003c 9F       		.byte	0x9f
 637 003d 1C000000 		.4byte	.LVL4
 638 0041 20000000 		.4byte	.LVL5
 639 0045 0100     		.2byte	0x1
 640 0047 53       		.byte	0x53
 641 0048 00000000 		.4byte	0
 642 004c 00000000 		.4byte	0
 643              		.section	.debug_aranges,"",%progbits
 644 0000 1C000000 		.4byte	0x1c
 645 0004 0200     		.2byte	0x2
 646 0006 00000000 		.4byte	.Ldebug_info0
 647 000a 04       		.byte	0x4
 648 000b 00       		.byte	0
 649 000c 0000     		.2byte	0
 650 000e 0000     		.2byte	0
 651 0010 00000000 		.4byte	.LFB29
 652 0014 30000000 		.4byte	.LFE29-.LFB29
 653 0018 00000000 		.4byte	0
 654 001c 00000000 		.4byte	0
 655              		.section	.debug_ranges,"",%progbits
 656              	.Ldebug_ranges0:
 657 0000 00000000 		.4byte	.LFB29
 658 0004 30000000 		.4byte	.LFE29
 659 0008 00000000 		.4byte	0
 660 000c 00000000 		.4byte	0
 661              		.section	.debug_line,"",%progbits
 662              	.Ldebug_line0:
 663 0000 2D010000 		.section	.debug_str,"MS",%progbits,1
 663      02000701 
 663      00000201 
 663      FB0E0D00 
 663      01010101 
 664              	.LASF6:
 665 0000 6C6F6E67 		.ascii	"long long int\000"
 665      206C6F6E 
 665      6720696E 
 665      7400
 666              	.LASF33:
 667 000e 6477546D 		.ascii	"dwTmp\000"
 667      7000
 668              	.LASF30:
 669 0014 2F686F6D 		.ascii	"/home/gaby/Documentos/Tesis/PruebaMatrixPWM/mcu/cre"
 669      652F6761 
 669      62792F44 
 669      6F63756D 
 669      656E746F 
 670 0047 61746F72 		.ascii	"ator\000"
 670      00
 671              	.LASF21:
ARM GAS  /tmp/ccj5uDoO.s 			page 13


 672 004c 52657365 		.ascii	"Reserved1\000"
 672      72766564 
 672      3100
 673              	.LASF18:
 674 0056 534D435F 		.ascii	"SMC_MODE\000"
 674      4D4F4445 
 674      00
 675              	.LASF23:
 676 005f 534D435F 		.ascii	"SMC_KEY1\000"
 676      4B455931 
 676      00
 677              	.LASF24:
 678 0068 534D435F 		.ascii	"SMC_KEY2\000"
 678      4B455932 
 678      00
 679              	.LASF32:
 680 0071 70536D63 		.ascii	"pSmc\000"
 680      00
 681              	.LASF1:
 682 0076 756E7369 		.ascii	"unsigned char\000"
 682      676E6564 
 682      20636861 
 682      7200
 683              	.LASF22:
 684 0084 534D435F 		.ascii	"SMC_OCMS\000"
 684      4F434D53 
 684      00
 685              	.LASF3:
 686 008d 73686F72 		.ascii	"short unsigned int\000"
 686      7420756E 
 686      7369676E 
 686      65642069 
 686      6E7400
 687              	.LASF20:
 688 00a0 534D435F 		.ascii	"SMC_CS_NUMBER\000"
 688      43535F4E 
 688      554D4245 
 688      5200
 689              	.LASF31:
 690 00ae 424F4152 		.ascii	"BOARD_ConfigurePSRAM\000"
 690      445F436F 
 690      6E666967 
 690      75726550 
 690      5352414D 
 691              	.LASF12:
 692 00c3 576F5265 		.ascii	"WoReg\000"
 692      6700
 693              	.LASF17:
 694 00c9 534D435F 		.ascii	"SMC_CYCLE\000"
 694      4359434C 
 694      4500
 695              	.LASF5:
 696 00d3 6C6F6E67 		.ascii	"long unsigned int\000"
 696      20756E73 
 696      69676E65 
 696      6420696E 
 696      7400
ARM GAS  /tmp/ccj5uDoO.s 			page 14


 697              	.LASF9:
 698 00e5 5F5F7569 		.ascii	"__uint32_t\000"
 698      6E743332 
 698      5F7400
 699              	.LASF34:
 700 00f0 49544D5F 		.ascii	"ITM_RxBuffer\000"
 700      52784275 
 700      66666572 
 700      00
 701              	.LASF26:
 702 00fd 534D435F 		.ascii	"SMC_WPMR\000"
 702      57504D52 
 702      00
 703              	.LASF8:
 704 0106 756E7369 		.ascii	"unsigned int\000"
 704      676E6564 
 704      20696E74 
 704      00
 705              	.LASF16:
 706 0113 534D435F 		.ascii	"SMC_PULSE\000"
 706      50554C53 
 706      4500
 707              	.LASF7:
 708 011d 6C6F6E67 		.ascii	"long long unsigned int\000"
 708      206C6F6E 
 708      6720756E 
 708      7369676E 
 708      65642069 
 709              	.LASF25:
 710 0134 52657365 		.ascii	"Reserved2\000"
 710      72766564 
 710      3200
 711              	.LASF28:
 712 013e 474E5520 		.ascii	"GNU C 4.9.3 20150529 (prerelease) -mcpu=cortex-m3 -"
 712      4320342E 
 712      392E3320 
 712      32303135 
 712      30353239 
 713 0171 6D6E6F2D 		.ascii	"mno-thumb-interwork -mthumb -ggdb -O2 -std=gnu99 -f"
 713      7468756D 
 713      622D696E 
 713      74657277 
 713      6F726B20 
 714 01a4 6F6D6974 		.ascii	"omit-frame-pointer -falign-functions=16 -ffunction-"
 714      2D667261 
 714      6D652D70 
 714      6F696E74 
 714      6572202D 
 715 01d7 73656374 		.ascii	"sections -fdata-sections -fno-common\000"
 715      696F6E73 
 715      202D6664 
 715      6174612D 
 715      73656374 
 716              	.LASF13:
 717 01fc 52775265 		.ascii	"RwReg\000"
 717      6700
 718              	.LASF14:
ARM GAS  /tmp/ccj5uDoO.s 			page 15


 719 0202 73697A65 		.ascii	"sizetype\000"
 719      74797065 
 719      00
 720              	.LASF27:
 721 020b 534D435F 		.ascii	"SMC_WPSR\000"
 721      57505352 
 721      00
 722              	.LASF2:
 723 0214 73686F72 		.ascii	"short int\000"
 723      7420696E 
 723      7400
 724              	.LASF15:
 725 021e 534D435F 		.ascii	"SMC_SETUP\000"
 725      53455455 
 725      5000
 726              	.LASF29:
 727 0228 2E2E2F74 		.ascii	"../third_party/ChibiOS/os/hal/platforms/AT91SAM3S/a"
 727      68697264 
 727      5F706172 
 727      74792F43 
 727      68696269 
 728 025b 746D656C 		.ascii	"tmel_psram.c\000"
 728      5F707372 
 728      616D2E63 
 728      00
 729              	.LASF10:
 730 0268 75696E74 		.ascii	"uint32_t\000"
 730      33325F74 
 730      00
 731              	.LASF4:
 732 0271 6C6F6E67 		.ascii	"long int\000"
 732      20696E74 
 732      00
 733              	.LASF19:
 734 027a 536D6343 		.ascii	"SmcCs_number\000"
 734      735F6E75 
 734      6D626572 
 734      00
 735              	.LASF0:
 736 0287 7369676E 		.ascii	"signed char\000"
 736      65642063 
 736      68617200 
 737              	.LASF35:
 738 0293 504D435F 		.ascii	"PMC_EnablePeripheral\000"
 738      456E6162 
 738      6C655065 
 738      72697068 
 738      6572616C 
 739              	.LASF11:
 740 02a8 526F5265 		.ascii	"RoReg\000"
 740      6700
 741              		.ident	"GCC: (15:4.9.3+svn231177-1) 4.9.3 20150529 (prerelease)"
ARM GAS  /tmp/ccj5uDoO.s 			page 16


DEFINED SYMBOLS
                            *ABS*:0000000000000000 atmel_psram.c
     /tmp/ccj5uDoO.s:19     .text.BOARD_ConfigurePSRAM:0000000000000000 $t
     /tmp/ccj5uDoO.s:25     .text.BOARD_ConfigurePSRAM:0000000000000000 BOARD_ConfigurePSRAM
     /tmp/ccj5uDoO.s:71     .text.BOARD_ConfigurePSRAM:0000000000000024 $d
                     .debug_frame:0000000000000010 $d

UNDEFINED SYMBOLS
PMC_EnablePeripheral
