ARM GAS  /tmp/cc3qBlNB.s 			page 1


   1              		.syntax unified
   2              		.cpu cortex-m3
   3              		.fpu softvfp
   4              		.eabi_attribute 20, 1
   5              		.eabi_attribute 21, 1
   6              		.eabi_attribute 23, 3
   7              		.eabi_attribute 24, 1
   8              		.eabi_attribute 25, 1
   9              		.eabi_attribute 26, 1
  10              		.eabi_attribute 30, 2
  11              		.eabi_attribute 34, 1
  12              		.eabi_attribute 18, 4
  13              		.thumb
  14              		.file	"chlists.c"
  15              		.text
  16              	.Ltext0:
  17              		.cfi_sections	.debug_frame
  18              	.Letext0:
  19              		.section	.debug_info,"",%progbits
  20              	.Ldebug_info0:
  21 0000 6E000000 		.4byte	0x6e
  22 0004 0400     		.2byte	0x4
  23 0006 00000000 		.4byte	.Ldebug_abbrev0
  24 000a 04       		.byte	0x4
  25 000b 01       		.uleb128 0x1
  26 000c 48000000 		.4byte	.LASF11
  27 0010 01       		.byte	0x1
  28 0011 75010000 		.4byte	.LASF12
  29 0015 1D010000 		.4byte	.LASF13
  30 0019 00000000 		.4byte	.Ldebug_line0
  31 001d 02       		.uleb128 0x2
  32 001e 04       		.byte	0x4
  33 001f 05       		.byte	0x5
  34 0020 696E7400 		.ascii	"int\000"
  35 0024 03       		.uleb128 0x3
  36 0025 04       		.byte	0x4
  37 0026 07       		.byte	0x7
  38 0027 00000000 		.4byte	.LASF0
  39 002b 03       		.uleb128 0x3
  40 002c 01       		.byte	0x1
  41 002d 06       		.byte	0x6
  42 002e 1F000000 		.4byte	.LASF1
  43 0032 03       		.uleb128 0x3
  44 0033 01       		.byte	0x1
  45 0034 08       		.byte	0x8
  46 0035 55010000 		.4byte	.LASF2
  47 0039 03       		.uleb128 0x3
  48 003a 02       		.byte	0x2
  49 003b 05       		.byte	0x5
  50 003c 3E000000 		.4byte	.LASF3
  51 0040 03       		.uleb128 0x3
  52 0041 02       		.byte	0x2
  53 0042 07       		.byte	0x7
  54 0043 2B000000 		.4byte	.LASF4
  55 0047 03       		.uleb128 0x3
  56 0048 04       		.byte	0x4
  57 0049 05       		.byte	0x5
ARM GAS  /tmp/cc3qBlNB.s 			page 2


  58 004a 63010000 		.4byte	.LASF5
  59 004e 03       		.uleb128 0x3
  60 004f 04       		.byte	0x4
  61 0050 07       		.byte	0x7
  62 0051 0D000000 		.4byte	.LASF6
  63 0055 03       		.uleb128 0x3
  64 0056 08       		.byte	0x8
  65 0057 05       		.byte	0x5
  66 0058 A9010000 		.4byte	.LASF7
  67 005c 03       		.uleb128 0x3
  68 005d 08       		.byte	0x8
  69 005e 07       		.byte	0x7
  70 005f 06010000 		.4byte	.LASF8
  71 0063 03       		.uleb128 0x3
  72 0064 04       		.byte	0x4
  73 0065 07       		.byte	0x7
  74 0066 6C010000 		.4byte	.LASF9
  75 006a 03       		.uleb128 0x3
  76 006b 01       		.byte	0x1
  77 006c 08       		.byte	0x8
  78 006d A4010000 		.4byte	.LASF10
  79 0071 00       		.byte	0
  80              		.section	.debug_abbrev,"",%progbits
  81              	.Ldebug_abbrev0:
  82 0000 01       		.uleb128 0x1
  83 0001 11       		.uleb128 0x11
  84 0002 01       		.byte	0x1
  85 0003 25       		.uleb128 0x25
  86 0004 0E       		.uleb128 0xe
  87 0005 13       		.uleb128 0x13
  88 0006 0B       		.uleb128 0xb
  89 0007 03       		.uleb128 0x3
  90 0008 0E       		.uleb128 0xe
  91 0009 1B       		.uleb128 0x1b
  92 000a 0E       		.uleb128 0xe
  93 000b 10       		.uleb128 0x10
  94 000c 17       		.uleb128 0x17
  95 000d 00       		.byte	0
  96 000e 00       		.byte	0
  97 000f 02       		.uleb128 0x2
  98 0010 24       		.uleb128 0x24
  99 0011 00       		.byte	0
 100 0012 0B       		.uleb128 0xb
 101 0013 0B       		.uleb128 0xb
 102 0014 3E       		.uleb128 0x3e
 103 0015 0B       		.uleb128 0xb
 104 0016 03       		.uleb128 0x3
 105 0017 08       		.uleb128 0x8
 106 0018 00       		.byte	0
 107 0019 00       		.byte	0
 108 001a 03       		.uleb128 0x3
 109 001b 24       		.uleb128 0x24
 110 001c 00       		.byte	0
 111 001d 0B       		.uleb128 0xb
 112 001e 0B       		.uleb128 0xb
 113 001f 3E       		.uleb128 0x3e
 114 0020 0B       		.uleb128 0xb
ARM GAS  /tmp/cc3qBlNB.s 			page 3


 115 0021 03       		.uleb128 0x3
 116 0022 0E       		.uleb128 0xe
 117 0023 00       		.byte	0
 118 0024 00       		.byte	0
 119 0025 00       		.byte	0
 120              		.section	.debug_aranges,"",%progbits
 121 0000 14000000 		.4byte	0x14
 122 0004 0200     		.2byte	0x2
 123 0006 00000000 		.4byte	.Ldebug_info0
 124 000a 04       		.byte	0x4
 125 000b 00       		.byte	0
 126 000c 0000     		.2byte	0
 127 000e 0000     		.2byte	0
 128 0010 00000000 		.4byte	0
 129 0014 00000000 		.4byte	0
 130              		.section	.debug_line,"",%progbits
 131              	.Ldebug_line0:
 132 0000 19000000 		.section	.debug_str,"MS",%progbits,1
 132      02001300 
 132      00000201 
 132      FB0E0D00 
 132      01010101 
 133              	.LASF0:
 134 0000 756E7369 		.ascii	"unsigned int\000"
 134      676E6564 
 134      20696E74 
 134      00
 135              	.LASF6:
 136 000d 6C6F6E67 		.ascii	"long unsigned int\000"
 136      20756E73 
 136      69676E65 
 136      6420696E 
 136      7400
 137              	.LASF1:
 138 001f 7369676E 		.ascii	"signed char\000"
 138      65642063 
 138      68617200 
 139              	.LASF4:
 140 002b 73686F72 		.ascii	"short unsigned int\000"
 140      7420756E 
 140      7369676E 
 140      65642069 
 140      6E7400
 141              	.LASF3:
 142 003e 73686F72 		.ascii	"short int\000"
 142      7420696E 
 142      7400
 143              	.LASF11:
 144 0048 474E5520 		.ascii	"GNU C 4.9.3 20150529 (prerelease) -mcpu=cortex-m3 -"
 144      4320342E 
 144      392E3320 
 144      32303135 
 144      30353239 
 145 007b 6D6E6F2D 		.ascii	"mno-thumb-interwork -mthumb -ggdb -O2 -std=gnu99 -f"
 145      7468756D 
 145      622D696E 
 145      74657277 
ARM GAS  /tmp/cc3qBlNB.s 			page 4


 145      6F726B20 
 146 00ae 6F6D6974 		.ascii	"omit-frame-pointer -falign-functions=16 -ffunction-"
 146      2D667261 
 146      6D652D70 
 146      6F696E74 
 146      6572202D 
 147 00e1 73656374 		.ascii	"sections -fdata-sections -fno-common\000"
 147      696F6E73 
 147      202D6664 
 147      6174612D 
 147      73656374 
 148              	.LASF8:
 149 0106 6C6F6E67 		.ascii	"long long unsigned int\000"
 149      206C6F6E 
 149      6720756E 
 149      7369676E 
 149      65642069 
 150              	.LASF13:
 151 011d 2F686F6D 		.ascii	"/home/gaby/Documentos/Tesis/PruebaMatrixPWM/mcu/cre"
 151      652F6761 
 151      62792F44 
 151      6F63756D 
 151      656E746F 
 152 0150 61746F72 		.ascii	"ator\000"
 152      00
 153              	.LASF2:
 154 0155 756E7369 		.ascii	"unsigned char\000"
 154      676E6564 
 154      20636861 
 154      7200
 155              	.LASF5:
 156 0163 6C6F6E67 		.ascii	"long int\000"
 156      20696E74 
 156      00
 157              	.LASF9:
 158 016c 73697A65 		.ascii	"sizetype\000"
 158      74797065 
 158      00
 159              	.LASF12:
 160 0175 2E2E2F74 		.ascii	"../third_party/ChibiOS/os/kernel/src/chlists.c\000"
 160      68697264 
 160      5F706172 
 160      74792F43 
 160      68696269 
 161              	.LASF10:
 162 01a4 63686172 		.ascii	"char\000"
 162      00
 163              	.LASF7:
 164 01a9 6C6F6E67 		.ascii	"long long int\000"
 164      206C6F6E 
 164      6720696E 
 164      7400
 165              		.ident	"GCC: (15:4.9.3+svn231177-1) 4.9.3 20150529 (prerelease)"
ARM GAS  /tmp/cc3qBlNB.s 			page 5


DEFINED SYMBOLS
                            *ABS*:0000000000000000 chlists.c

NO UNDEFINED SYMBOLS
