ARM GAS  /tmp/ccteYjCU.s 			page 1


   1              		.syntax unified
   2              		.cpu cortex-m3
   3              		.fpu softvfp
   4              		.eabi_attribute 20, 1
   5              		.eabi_attribute 21, 1
   6              		.eabi_attribute 23, 3
   7              		.eabi_attribute 24, 1
   8              		.eabi_attribute 25, 1
   9              		.eabi_attribute 26, 1
  10              		.eabi_attribute 30, 2
  11              		.eabi_attribute 34, 1
  12              		.eabi_attribute 18, 4
  13              		.thumb
  14              		.file	"veml6070.cpp"
  15              		.text
  16              	.Ltext0:
  17              		.cfi_sections	.debug_frame
  18              		.section	.text._ZN7creator8VEML6070C2EPNS_3I2CE,"ax",%progbits
  19              		.align	2
  20              		.p2align 4,,15
  21              		.global	_ZN7creator8VEML6070C2EPNS_3I2CE
  22              		.thumb
  23              		.thumb_func
  24              		.type	_ZN7creator8VEML6070C2EPNS_3I2CE, %function
  25              	_ZN7creator8VEML6070C2EPNS_3I2CE:
  26              		.fnstart
  27              	.LFB37:
  28              		.file 1 "veml6070.cpp"
  29              		.loc 1 30 0
  30              		.cfi_startproc
  31              		@ args = 0, pretend = 0, frame = 0
  32              		@ frame_needed = 0, uses_anonymous_args = 0
  33              		@ link register save eliminated.
  34              	.LVL0:
  35              	.LBB2:
  36              		.loc 1 30 0
  37 0000 0022     		movs	r2, #0
  38 0002 0160     		str	r1, [r0]
  39 0004 0271     		strb	r2, [r0, #4]
  40              	.LBE2:
  41 0006 7047     		bx	lr
  42              		.cfi_endproc
  43              	.LFE37:
  44              		.cantunwind
  45              		.fnend
  46              		.size	_ZN7creator8VEML6070C2EPNS_3I2CE, .-_ZN7creator8VEML6070C2EPNS_3I2CE
  47              		.global	_ZN7creator8VEML6070C1EPNS_3I2CE
  48              		.thumb_set _ZN7creator8VEML6070C1EPNS_3I2CE,_ZN7creator8VEML6070C2EPNS_3I2CE
  49              		.section	.text._ZN7creator8VEML60705BeginEv,"ax",%progbits
  50              		.align	2
  51              		.p2align 4,,15
  52              		.global	_ZN7creator8VEML60705BeginEv
  53              		.thumb
  54              		.thumb_func
  55              		.type	_ZN7creator8VEML60705BeginEv, %function
  56              	_ZN7creator8VEML60705BeginEv:
  57              		.fnstart
ARM GAS  /tmp/ccteYjCU.s 			page 2


  58              	.LFB39:
  59              		.loc 1 32 0
  60              		.cfi_startproc
  61              		@ args = 0, pretend = 0, frame = 0
  62              		@ frame_needed = 0, uses_anonymous_args = 0
  63              	.LVL1:
  64 0000 08B5     		push	{r3, lr}
  65              		.save {r3, lr}
  66              		.cfi_def_cfa_offset 8
  67              		.cfi_offset 3, -8
  68              		.cfi_offset 14, -4
  69              		.loc 1 32 0
  70 0002 0346     		mov	r3, r0
  71              		.loc 1 33 0
  72 0004 0279     		ldrb	r2, [r0, #4]	@ zero_extendqisi2
  73              		.loc 1 36 0
  74 0006 3821     		movs	r1, #56
  75              		.loc 1 35 0
  76 0008 02F0D102 		and	r2, r2, #209
  77 000c 42F00E02 		orr	r2, r2, #14
  78              		.loc 1 36 0
  79 0010 0068     		ldr	r0, [r0]
  80              	.LVL2:
  81              		.loc 1 35 0
  82 0012 1A71     		strb	r2, [r3, #4]
  83              		.loc 1 36 0
  84 0014 FFF7FEFF 		bl	_ZN7creator3I2C9WriteByteEhh
  85              	.LVL3:
  86              		.loc 1 38 0
  87 0018 0120     		movs	r0, #1
  88 001a 08BD     		pop	{r3, pc}
  89              		.cfi_endproc
  90              	.LFE39:
  91              		.fnend
  92              		.size	_ZN7creator8VEML60705BeginEv, .-_ZN7creator8VEML60705BeginEv
  93              		.global	__aeabi_i2f
  94              		.global	__aeabi_fmul
  95              		.section	.text._ZN7creator8VEML60705GetUVEv,"ax",%progbits
  96              		.align	2
  97              		.p2align 4,,15
  98              		.global	_ZN7creator8VEML60705GetUVEv
  99              		.thumb
 100              		.thumb_func
 101              		.type	_ZN7creator8VEML60705GetUVEv, %function
 102              	_ZN7creator8VEML60705GetUVEv:
 103              		.fnstart
 104              	.LFB40:
 105              		.loc 1 40 0
 106              		.cfi_startproc
 107              		@ args = 0, pretend = 0, frame = 0
 108              		@ frame_needed = 0, uses_anonymous_args = 0
 109              	.LVL4:
 110 0000 38B5     		push	{r3, r4, r5, lr}
 111              		.save {r3, r4, r5, lr}
 112              		.cfi_def_cfa_offset 16
 113              		.cfi_offset 3, -16
 114              		.cfi_offset 4, -12
ARM GAS  /tmp/ccteYjCU.s 			page 3


 115              		.cfi_offset 5, -8
 116              		.cfi_offset 14, -4
 117              	.LBB3:
 118              		.loc 1 47 0
 119 0002 3921     		movs	r1, #57
 120              	.LBE3:
 121              		.loc 1 40 0
 122 0004 0446     		mov	r4, r0
 123              	.LBB4:
 124              		.loc 1 47 0
 125 0006 0068     		ldr	r0, [r0]
 126              	.LVL5:
 127 0008 FFF7FEFF 		bl	_ZN7creator3I2C8ReadByteEh
 128              	.LVL6:
 129              		.loc 1 48 0
 130 000c 3821     		movs	r1, #56
 131              		.loc 1 47 0
 132 000e 0546     		mov	r5, r0
 133              		.loc 1 48 0
 134 0010 2068     		ldr	r0, [r4]
 135 0012 FFF7FEFF 		bl	_ZN7creator3I2C8ReadByteEh
 136              	.LVL7:
 137 0016 40EA0520 		orr	r0, r0, r5, lsl #8
 138 001a FFF7FEFF 		bl	__aeabi_i2f
 139              	.LVL8:
 140              		.loc 1 49 0
 141 001e 0249     		ldr	r1, .L6
 142 0020 FFF7FEFF 		bl	__aeabi_fmul
 143              	.LVL9:
 144              	.LBE4:
 145              		.loc 1 50 0
 146 0024 38BD     		pop	{r3, r4, r5, pc}
 147              	.LVL10:
 148              	.L7:
 149 0026 00BF     		.align	2
 150              	.L6:
 151 0028 EB76AF3A 		.word	984577771
 152              		.cfi_endproc
 153              	.LFE40:
 154              		.fnend
 155              		.size	_ZN7creator8VEML60705GetUVEv, .-_ZN7creator8VEML60705GetUVEv
 156              		.text
 157              	.Letext0:
 158              		.file 2 "/usr/include/newlib/machine/_default_types.h"
 159              		.file 3 "/usr/include/newlib/sys/_stdint.h"
 160              		.file 4 "../third_party/ChibiOS/os/hal/platforms/AT91SAM3S/at91lib/SAM3S.h"
 161              		.file 5 "../third_party/ChibiOS/os/hal/platforms/AT91SAM3S/async.h"
 162              		.file 6 "../third_party/ChibiOS/os/hal/platforms/AT91SAM3S/atmel_twid.h"
 163              		.file 7 "././i2c.h"
 164              		.file 8 "./veml6070.h"
 165              		.file 9 "../third_party/ChibiOS/os/hal/platforms/AT91SAM3S/core_cm3.h"
 166              		.section	.debug_info,"",%progbits
 167              	.Ldebug_info0:
 168 0000 15060000 		.4byte	0x615
 169 0004 0400     		.2byte	0x4
 170 0006 00000000 		.4byte	.Ldebug_abbrev0
 171 000a 04       		.byte	0x4
ARM GAS  /tmp/ccteYjCU.s 			page 4


 172 000b 01       		.uleb128 0x1
 173 000c 21000000 		.4byte	.LASF80
 174 0010 04       		.byte	0x4
 175 0011 F5020000 		.4byte	.LASF81
 176 0015 33030000 		.4byte	.LASF82
 177 0019 18000000 		.4byte	.Ldebug_ranges0+0x18
 178 001d 00000000 		.4byte	0
 179 0021 00000000 		.4byte	.Ldebug_line0
 180 0025 02       		.uleb128 0x2
 181 0026 04       		.byte	0x4
 182 0027 05       		.byte	0x5
 183 0028 696E7400 		.ascii	"int\000"
 184 002c 03       		.uleb128 0x3
 185 002d 04       		.byte	0x4
 186 002e 07       		.byte	0x7
 187 002f C3020000 		.4byte	.LASF0
 188 0033 03       		.uleb128 0x3
 189 0034 01       		.byte	0x1
 190 0035 06       		.byte	0x6
 191 0036 73020000 		.4byte	.LASF1
 192 003a 04       		.uleb128 0x4
 193 003b EB010000 		.4byte	.LASF6
 194 003f 02       		.byte	0x2
 195 0040 1D       		.byte	0x1d
 196 0041 45000000 		.4byte	0x45
 197 0045 03       		.uleb128 0x3
 198 0046 01       		.byte	0x1
 199 0047 08       		.byte	0x8
 200 0048 4D020000 		.4byte	.LASF2
 201 004c 03       		.uleb128 0x3
 202 004d 02       		.byte	0x2
 203 004e 05       		.byte	0x5
 204 004f AF010000 		.4byte	.LASF3
 205 0053 03       		.uleb128 0x3
 206 0054 02       		.byte	0x2
 207 0055 07       		.byte	0x7
 208 0056 0B030000 		.4byte	.LASF4
 209 005a 03       		.uleb128 0x3
 210 005b 04       		.byte	0x4
 211 005c 05       		.byte	0x5
 212 005d D2010000 		.4byte	.LASF5
 213 0061 04       		.uleb128 0x4
 214 0062 04010000 		.4byte	.LASF7
 215 0066 02       		.byte	0x2
 216 0067 41       		.byte	0x41
 217 0068 6C000000 		.4byte	0x6c
 218 006c 03       		.uleb128 0x3
 219 006d 04       		.byte	0x4
 220 006e 07       		.byte	0x7
 221 006f D2030000 		.4byte	.LASF8
 222 0073 03       		.uleb128 0x3
 223 0074 08       		.byte	0x8
 224 0075 05       		.byte	0x5
 225 0076 BF010000 		.4byte	.LASF9
 226 007a 03       		.uleb128 0x3
 227 007b 08       		.byte	0x8
 228 007c 07       		.byte	0x7
ARM GAS  /tmp/ccteYjCU.s 			page 5


 229 007d 7F020000 		.4byte	.LASF10
 230 0081 04       		.uleb128 0x4
 231 0082 70010000 		.4byte	.LASF11
 232 0086 03       		.byte	0x3
 233 0087 14       		.byte	0x14
 234 0088 3A000000 		.4byte	0x3a
 235 008c 04       		.uleb128 0x4
 236 008d B1020000 		.4byte	.LASF12
 237 0091 03       		.byte	0x3
 238 0092 20       		.byte	0x20
 239 0093 61000000 		.4byte	0x61
 240 0097 05       		.uleb128 0x5
 241 0098 04       		.byte	0x4
 242 0099 06       		.uleb128 0x6
 243 009a 81000000 		.4byte	0x81
 244 009e 06       		.uleb128 0x6
 245 009f 8C000000 		.4byte	0x8c
 246 00a3 03       		.uleb128 0x3
 247 00a4 04       		.byte	0x4
 248 00a5 07       		.byte	0x7
 249 00a6 E5000000 		.4byte	.LASF13
 250 00aa 07       		.uleb128 0x7
 251 00ab 6C000000 		.4byte	0x6c
 252 00af BA000000 		.4byte	0xba
 253 00b3 08       		.uleb128 0x8
 254 00b4 A3000000 		.4byte	0xa3
 255 00b8 02       		.byte	0x2
 256 00b9 00       		.byte	0
 257 00ba 07       		.uleb128 0x7
 258 00bb 6C000000 		.4byte	0x6c
 259 00bf CA000000 		.4byte	0xca
 260 00c3 08       		.uleb128 0x8
 261 00c4 A3000000 		.4byte	0xa3
 262 00c8 03       		.byte	0x3
 263 00c9 00       		.byte	0
 264 00ca 03       		.uleb128 0x3
 265 00cb 01       		.byte	0x1
 266 00cc 08       		.byte	0x8
 267 00cd 6B030000 		.4byte	.LASF14
 268 00d1 09       		.uleb128 0x9
 269 00d2 04       		.byte	0x4
 270 00d3 81000000 		.4byte	0x81
 271 00d7 0A       		.uleb128 0xa
 272 00d8 81000000 		.4byte	0x81
 273 00dc 04       		.uleb128 0x4
 274 00dd 2A020000 		.4byte	.LASF15
 275 00e1 04       		.byte	0x4
 276 00e2 37       		.byte	0x37
 277 00e3 9E000000 		.4byte	0x9e
 278 00e7 04       		.uleb128 0x4
 279 00e8 20040000 		.4byte	.LASF16
 280 00ec 04       		.byte	0x4
 281 00ed 39       		.byte	0x39
 282 00ee 9E000000 		.4byte	0x9e
 283 00f2 04       		.uleb128 0x4
 284 00f3 4C010000 		.4byte	.LASF17
 285 00f7 04       		.byte	0x4
ARM GAS  /tmp/ccteYjCU.s 			page 6


 286 00f8 3A       		.byte	0x3a
 287 00f9 9E000000 		.4byte	0x9e
 288 00fd 0B       		.uleb128 0xb
 289 00fe 2801     		.2byte	0x128
 290 0100 04       		.byte	0x4
 291 0101 5116     		.2byte	0x1651
 292 0103 1E030000 		.4byte	.LASF83
 293 0107 41020000 		.4byte	0x241
 294 010b 0C       		.uleb128 0xc
 295 010c 54040000 		.4byte	.LASF18
 296 0110 04       		.byte	0x4
 297 0111 5216     		.2byte	0x1652
 298 0113 E7000000 		.4byte	0xe7
 299 0117 00       		.byte	0
 300 0118 0C       		.uleb128 0xc
 301 0119 26040000 		.4byte	.LASF19
 302 011d 04       		.byte	0x4
 303 011e 5316     		.2byte	0x1653
 304 0120 F2000000 		.4byte	0xf2
 305 0124 04       		.byte	0x4
 306 0125 0C       		.uleb128 0xc
 307 0126 F5010000 		.4byte	.LASF20
 308 012a 04       		.byte	0x4
 309 012b 5416     		.2byte	0x1654
 310 012d F2000000 		.4byte	0xf2
 311 0131 08       		.byte	0x8
 312 0132 0C       		.uleb128 0xc
 313 0133 79040000 		.4byte	.LASF21
 314 0137 04       		.byte	0x4
 315 0138 5516     		.2byte	0x1655
 316 013a F2000000 		.4byte	0xf2
 317 013e 0C       		.byte	0xc
 318 013f 0C       		.uleb128 0xc
 319 0140 70030000 		.4byte	.LASF22
 320 0144 04       		.byte	0x4
 321 0145 5616     		.2byte	0x1656
 322 0147 F2000000 		.4byte	0xf2
 323 014b 10       		.byte	0x10
 324 014c 0C       		.uleb128 0xc
 325 014d 5C010000 		.4byte	.LASF23
 326 0151 04       		.byte	0x4
 327 0152 5716     		.2byte	0x1657
 328 0154 41020000 		.4byte	0x241
 329 0158 14       		.byte	0x14
 330 0159 0C       		.uleb128 0xc
 331 015a 0F010000 		.4byte	.LASF24
 332 015e 04       		.byte	0x4
 333 015f 5816     		.2byte	0x1658
 334 0161 DC000000 		.4byte	0xdc
 335 0165 20       		.byte	0x20
 336 0166 0C       		.uleb128 0xc
 337 0167 00000000 		.4byte	.LASF25
 338 016b 04       		.byte	0x4
 339 016c 5916     		.2byte	0x1659
 340 016e E7000000 		.4byte	0xe7
 341 0172 24       		.byte	0x24
 342 0173 0C       		.uleb128 0xc
ARM GAS  /tmp/ccteYjCU.s 			page 7


 343 0174 CA030000 		.4byte	.LASF26
 344 0178 04       		.byte	0x4
 345 0179 5A16     		.2byte	0x165a
 346 017b E7000000 		.4byte	0xe7
 347 017f 28       		.byte	0x28
 348 0180 0C       		.uleb128 0xc
 349 0181 F7000000 		.4byte	.LASF27
 350 0185 04       		.byte	0x4
 351 0186 5B16     		.2byte	0x165b
 352 0188 DC000000 		.4byte	0xdc
 353 018c 2C       		.byte	0x2c
 354 018d 0C       		.uleb128 0xc
 355 018e E4030000 		.4byte	.LASF28
 356 0192 04       		.byte	0x4
 357 0193 5C16     		.2byte	0x165c
 358 0195 DC000000 		.4byte	0xdc
 359 0199 30       		.byte	0x30
 360 019a 0C       		.uleb128 0xc
 361 019b 1A020000 		.4byte	.LASF29
 362 019f 04       		.byte	0x4
 363 01a0 5D16     		.2byte	0x165d
 364 01a2 E7000000 		.4byte	0xe7
 365 01a6 34       		.byte	0x34
 366 01a7 0C       		.uleb128 0xc
 367 01a8 66010000 		.4byte	.LASF30
 368 01ac 04       		.byte	0x4
 369 01ad 5E16     		.2byte	0x165e
 370 01af 56020000 		.4byte	0x256
 371 01b3 38       		.byte	0x38
 372 01b4 0D       		.uleb128 0xd
 373 01b5 5B040000 		.4byte	.LASF31
 374 01b9 04       		.byte	0x4
 375 01ba 5F16     		.2byte	0x165f
 376 01bc F2000000 		.4byte	0xf2
 377 01c0 0001     		.2byte	0x100
 378 01c2 0D       		.uleb128 0xd
 379 01c3 22020000 		.4byte	.LASF32
 380 01c7 04       		.byte	0x4
 381 01c8 6016     		.2byte	0x1660
 382 01ca F2000000 		.4byte	0xf2
 383 01ce 0401     		.2byte	0x104
 384 01d0 0D       		.uleb128 0xd
 385 01d1 97030000 		.4byte	.LASF33
 386 01d5 04       		.byte	0x4
 387 01d6 6116     		.2byte	0x1661
 388 01d8 F2000000 		.4byte	0xf2
 389 01dc 0801     		.2byte	0x108
 390 01de 0D       		.uleb128 0xd
 391 01df 44010000 		.4byte	.LASF34
 392 01e3 04       		.byte	0x4
 393 01e4 6216     		.2byte	0x1662
 394 01e6 F2000000 		.4byte	0xf2
 395 01ea 0C01     		.2byte	0x10c
 396 01ec 0D       		.uleb128 0xd
 397 01ed 82040000 		.4byte	.LASF35
 398 01f1 04       		.byte	0x4
 399 01f2 6316     		.2byte	0x1663
ARM GAS  /tmp/ccteYjCU.s 			page 8


 400 01f4 F2000000 		.4byte	0xf2
 401 01f8 1001     		.2byte	0x110
 402 01fa 0D       		.uleb128 0xd
 403 01fb 5B020000 		.4byte	.LASF36
 404 01ff 04       		.byte	0x4
 405 0200 6416     		.2byte	0x1664
 406 0202 F2000000 		.4byte	0xf2
 407 0206 1401     		.2byte	0x114
 408 0208 0D       		.uleb128 0xd
 409 0209 EE000000 		.4byte	.LASF37
 410 020d 04       		.byte	0x4
 411 020e 6516     		.2byte	0x1665
 412 0210 F2000000 		.4byte	0xf2
 413 0214 1801     		.2byte	0x118
 414 0216 0D       		.uleb128 0xd
 415 0217 08000000 		.4byte	.LASF38
 416 021b 04       		.byte	0x4
 417 021c 6616     		.2byte	0x1666
 418 021e F2000000 		.4byte	0xf2
 419 0222 1C01     		.2byte	0x11c
 420 0224 0D       		.uleb128 0xd
 421 0225 A6010000 		.4byte	.LASF39
 422 0229 04       		.byte	0x4
 423 022a 6716     		.2byte	0x1667
 424 022c E7000000 		.4byte	0xe7
 425 0230 2001     		.2byte	0x120
 426 0232 0D       		.uleb128 0xd
 427 0233 D0020000 		.4byte	.LASF40
 428 0237 04       		.byte	0x4
 429 0238 6816     		.2byte	0x1668
 430 023a DC000000 		.4byte	0xdc
 431 023e 2401     		.2byte	0x124
 432 0240 00       		.byte	0
 433 0241 06       		.uleb128 0x6
 434 0242 AA000000 		.4byte	0xaa
 435 0246 07       		.uleb128 0x7
 436 0247 6C000000 		.4byte	0x6c
 437 024b 56020000 		.4byte	0x256
 438 024f 08       		.uleb128 0x8
 439 0250 A3000000 		.4byte	0xa3
 440 0254 31       		.byte	0x31
 441 0255 00       		.byte	0
 442 0256 06       		.uleb128 0x6
 443 0257 46020000 		.4byte	0x246
 444 025b 0E       		.uleb128 0xe
 445 025c 54776900 		.ascii	"Twi\000"
 446 0260 04       		.byte	0x4
 447 0261 6916     		.2byte	0x1669
 448 0263 FD000000 		.4byte	0xfd
 449 0267 0F       		.uleb128 0xf
 450 0268 11000000 		.4byte	.LASF45
 451 026c 18       		.byte	0x18
 452 026d 05       		.byte	0x5
 453 026e 3C       		.byte	0x3c
 454 026f 98020000 		.4byte	0x298
 455 0273 10       		.uleb128 0x10
 456 0274 23030000 		.4byte	.LASF41
ARM GAS  /tmp/ccteYjCU.s 			page 9


 457 0278 05       		.byte	0x5
 458 0279 3F       		.byte	0x3f
 459 027a 99000000 		.4byte	0x99
 460 027e 00       		.byte	0
 461 027f 10       		.uleb128 0x10
 462 0280 9B040000 		.4byte	.LASF42
 463 0284 05       		.byte	0x5
 464 0285 41       		.byte	0x41
 465 0286 97000000 		.4byte	0x97
 466 028a 04       		.byte	0x4
 467 028b 10       		.uleb128 0x10
 468 028c BA020000 		.4byte	.LASF43
 469 0290 05       		.byte	0x5
 470 0291 43       		.byte	0x43
 471 0292 BA000000 		.4byte	0xba
 472 0296 08       		.byte	0x8
 473 0297 00       		.byte	0
 474 0298 04       		.uleb128 0x4
 475 0299 E5010000 		.4byte	.LASF44
 476 029d 05       		.byte	0x5
 477 029e 44       		.byte	0x44
 478 029f 67020000 		.4byte	0x267
 479 02a3 0F       		.uleb128 0xf
 480 02a4 1A040000 		.4byte	.LASF46
 481 02a8 08       		.byte	0x8
 482 02a9 06       		.byte	0x6
 483 02aa 3B       		.byte	0x3b
 484 02ab C8020000 		.4byte	0x2c8
 485 02af 10       		.uleb128 0x10
 486 02b0 FF000000 		.4byte	.LASF47
 487 02b4 06       		.byte	0x6
 488 02b5 3E       		.byte	0x3e
 489 02b6 C8020000 		.4byte	0x2c8
 490 02ba 00       		.byte	0
 491 02bb 10       		.uleb128 0x10
 492 02bc 9F030000 		.4byte	.LASF48
 493 02c0 06       		.byte	0x6
 494 02c1 40       		.byte	0x40
 495 02c2 CE020000 		.4byte	0x2ce
 496 02c6 04       		.byte	0x4
 497 02c7 00       		.byte	0
 498 02c8 09       		.uleb128 0x9
 499 02c9 04       		.byte	0x4
 500 02ca 5B020000 		.4byte	0x25b
 501 02ce 09       		.uleb128 0x9
 502 02cf 04       		.byte	0x4
 503 02d0 98020000 		.4byte	0x298
 504 02d4 04       		.uleb128 0x4
 505 02d5 E0000000 		.4byte	.LASF49
 506 02d9 06       		.byte	0x6
 507 02da 41       		.byte	0x41
 508 02db A3020000 		.4byte	0x2a3
 509 02df 11       		.uleb128 0x11
 510 02e0 16010000 		.4byte	.LASF84
 511 02e4 07       		.byte	0x7
 512 02e5 1C       		.byte	0x1c
 513 02e6 E4040000 		.4byte	0x4e4
ARM GAS  /tmp/ccteYjCU.s 			page 10


 514 02ea 12       		.uleb128 0x12
 515 02eb 49324300 		.ascii	"I2C\000"
 516 02ef 08       		.byte	0x8
 517 02f0 07       		.byte	0x7
 518 02f1 1E       		.byte	0x1e
 519 02f2 E3030000 		.4byte	0x3e3
 520 02f6 10       		.uleb128 0x10
 521 02f7 A4040000 		.4byte	.LASF50
 522 02fb 07       		.byte	0x7
 523 02fc 2C       		.byte	0x2c
 524 02fd D4020000 		.4byte	0x2d4
 525 0301 00       		.byte	0
 526 0302 13       		.uleb128 0x13
 527 0303 CD010000 		.4byte	.LASF51
 528 0307 07       		.byte	0x7
 529 0308 20       		.byte	0x20
 530 0309 F6030000 		.4byte	.LASF53
 531 030d 01       		.byte	0x1
 532 030e 16030000 		.4byte	0x316
 533 0312 1C030000 		.4byte	0x31c
 534 0316 14       		.uleb128 0x14
 535 0317 E4040000 		.4byte	0x4e4
 536 031b 00       		.byte	0
 537 031c 13       		.uleb128 0x13
 538 031d AA040000 		.4byte	.LASF52
 539 0321 07       		.byte	0x7
 540 0322 22       		.byte	0x22
 541 0323 79030000 		.4byte	.LASF54
 542 0327 01       		.byte	0x1
 543 0328 30030000 		.4byte	0x330
 544 032c 45030000 		.4byte	0x345
 545 0330 14       		.uleb128 0x14
 546 0331 E4040000 		.4byte	0x4e4
 547 0335 15       		.uleb128 0x15
 548 0336 81000000 		.4byte	0x81
 549 033a 15       		.uleb128 0x15
 550 033b 81000000 		.4byte	0x81
 551 033f 15       		.uleb128 0x15
 552 0340 81000000 		.4byte	0x81
 553 0344 00       		.byte	0
 554 0345 13       		.uleb128 0x13
 555 0346 AA040000 		.4byte	.LASF52
 556 034a 07       		.byte	0x7
 557 034b 24       		.byte	0x24
 558 034c FD010000 		.4byte	.LASF55
 559 0350 01       		.byte	0x1
 560 0351 59030000 		.4byte	0x359
 561 0355 69030000 		.4byte	0x369
 562 0359 14       		.uleb128 0x14
 563 035a E4040000 		.4byte	0x4e4
 564 035e 15       		.uleb128 0x15
 565 035f 81000000 		.4byte	0x81
 566 0363 15       		.uleb128 0x15
 567 0364 81000000 		.4byte	0x81
 568 0368 00       		.byte	0
 569 0369 16       		.uleb128 0x16
 570 036a 18000000 		.4byte	.LASF56
ARM GAS  /tmp/ccteYjCU.s 			page 11


 571 036e 07       		.byte	0x7
 572 036f 26       		.byte	0x26
 573 0370 D9020000 		.4byte	.LASF57
 574 0374 81000000 		.4byte	0x81
 575 0378 01       		.byte	0x1
 576 0379 81030000 		.4byte	0x381
 577 037d 91030000 		.4byte	0x391
 578 0381 14       		.uleb128 0x14
 579 0382 E4040000 		.4byte	0x4e4
 580 0386 15       		.uleb128 0x15
 581 0387 81000000 		.4byte	0x81
 582 038b 15       		.uleb128 0x15
 583 038c 81000000 		.4byte	0x81
 584 0390 00       		.byte	0
 585 0391 16       		.uleb128 0x16
 586 0392 18000000 		.4byte	.LASF56
 587 0396 07       		.byte	0x7
 588 0397 27       		.byte	0x27
 589 0398 96020000 		.4byte	.LASF58
 590 039c 81000000 		.4byte	0x81
 591 03a0 01       		.byte	0x1
 592 03a1 A9030000 		.4byte	0x3a9
 593 03a5 B4030000 		.4byte	0x3b4
 594 03a9 14       		.uleb128 0x14
 595 03aa E4040000 		.4byte	0x4e4
 596 03ae 15       		.uleb128 0x15
 597 03af 81000000 		.4byte	0x81
 598 03b3 00       		.byte	0
 599 03b4 17       		.uleb128 0x17
 600 03b5 52010000 		.4byte	.LASF59
 601 03b9 07       		.byte	0x7
 602 03ba 28       		.byte	0x28
 603 03bb 81010000 		.4byte	.LASF60
 604 03bf 81000000 		.4byte	0x81
 605 03c3 01       		.byte	0x1
 606 03c4 C8030000 		.4byte	0x3c8
 607 03c8 14       		.uleb128 0x14
 608 03c9 E4040000 		.4byte	0x4e4
 609 03cd 15       		.uleb128 0x15
 610 03ce 81000000 		.4byte	0x81
 611 03d2 15       		.uleb128 0x15
 612 03d3 81000000 		.4byte	0x81
 613 03d7 15       		.uleb128 0x15
 614 03d8 D1000000 		.4byte	0xd1
 615 03dc 15       		.uleb128 0x15
 616 03dd 81000000 		.4byte	0x81
 617 03e1 00       		.byte	0
 618 03e2 00       		.byte	0
 619 03e3 18       		.uleb128 0x18
 620 03e4 B3030000 		.4byte	.LASF85
 621 03e8 01       		.byte	0x1
 622 03e9 08       		.byte	0x8
 623 03ea 1E       		.byte	0x1e
 624 03eb 6B040000 		.4byte	0x46b
 625 03ef 0F       		.uleb128 0xf
 626 03f0 78010000 		.4byte	.LASF61
 627 03f4 01       		.byte	0x1
ARM GAS  /tmp/ccteYjCU.s 			page 12


 628 03f5 08       		.byte	0x8
 629 03f6 21       		.byte	0x21
 630 03f7 54040000 		.4byte	0x454
 631 03fb 19       		.uleb128 0x19
 632 03fc 534400   		.ascii	"SD\000"
 633 03ff 08       		.byte	0x8
 634 0400 23       		.byte	0x23
 635 0401 81000000 		.4byte	0x81
 636 0405 01       		.byte	0x1
 637 0406 01       		.byte	0x1
 638 0407 07       		.byte	0x7
 639 0408 00       		.byte	0
 640 0409 1A       		.uleb128 0x1a
 641 040a DB010000 		.4byte	.LASF62
 642 040e 08       		.byte	0x8
 643 040f 24       		.byte	0x24
 644 0410 81000000 		.4byte	0x81
 645 0414 01       		.byte	0x1
 646 0415 01       		.byte	0x1
 647 0416 06       		.byte	0x6
 648 0417 00       		.byte	0
 649 0418 19       		.uleb128 0x19
 650 0419 495400   		.ascii	"IT\000"
 651 041c 08       		.byte	0x8
 652 041d 25       		.byte	0x25
 653 041e 81000000 		.4byte	0x81
 654 0422 01       		.byte	0x1
 655 0423 02       		.byte	0x2
 656 0424 04       		.byte	0x4
 657 0425 00       		.byte	0
 658 0426 1A       		.uleb128 0x1a
 659 0427 6B020000 		.4byte	.LASF63
 660 042b 08       		.byte	0x8
 661 042c 26       		.byte	0x26
 662 042d 81000000 		.4byte	0x81
 663 0431 01       		.byte	0x1
 664 0432 01       		.byte	0x1
 665 0433 03       		.byte	0x3
 666 0434 00       		.byte	0
 667 0435 19       		.uleb128 0x19
 668 0436 41434B00 		.ascii	"ACK\000"
 669 043a 08       		.byte	0x8
 670 043b 27       		.byte	0x27
 671 043c 81000000 		.4byte	0x81
 672 0440 01       		.byte	0x1
 673 0441 01       		.byte	0x1
 674 0442 02       		.byte	0x2
 675 0443 00       		.byte	0
 676 0444 1A       		.uleb128 0x1a
 677 0445 EC030000 		.4byte	.LASF64
 678 0449 08       		.byte	0x8
 679 044a 28       		.byte	0x28
 680 044b 81000000 		.4byte	0x81
 681 044f 01       		.byte	0x1
 682 0450 01       		.byte	0x1
 683 0451 01       		.byte	0x1
 684 0452 00       		.byte	0
ARM GAS  /tmp/ccteYjCU.s 			page 13


 685 0453 00       		.byte	0
 686 0454 1B       		.uleb128 0x1b
 687 0455 AE030000 		.4byte	.LASF65
 688 0459 08       		.byte	0x8
 689 045a 20       		.byte	0x20
 690 045b 81000000 		.4byte	0x81
 691 045f 1B       		.uleb128 0x1b
 692 0460 64020000 		.4byte	.LASF66
 693 0464 08       		.byte	0x8
 694 0465 2A       		.byte	0x2a
 695 0466 EF030000 		.4byte	0x3ef
 696 046a 00       		.byte	0
 697 046b 1C       		.uleb128 0x1c
 698 046c 2A030000 		.4byte	.LASF69
 699 0470 08       		.byte	0x8
 700 0471 08       		.byte	0x8
 701 0472 2D       		.byte	0x2d
 702 0473 10       		.uleb128 0x10
 703 0474 4F040000 		.4byte	.LASF67
 704 0478 08       		.byte	0x8
 705 0479 34       		.byte	0x34
 706 047a E4040000 		.4byte	0x4e4
 707 047e 00       		.byte	0
 708 047f 10       		.uleb128 0x10
 709 0480 02030000 		.4byte	.LASF68
 710 0484 08       		.byte	0x8
 711 0485 35       		.byte	0x35
 712 0486 E3030000 		.4byte	0x3e3
 713 048a 04       		.byte	0x4
 714 048b 1D       		.uleb128 0x1d
 715 048c 2A030000 		.4byte	.LASF69
 716 0490 08       		.byte	0x8
 717 0491 2F       		.byte	0x2f
 718 0492 EA040000 		.4byte	0x4ea
 719 0496 01       		.byte	0x1
 720 0497 9F040000 		.4byte	0x49f
 721 049b AA040000 		.4byte	0x4aa
 722 049f 14       		.uleb128 0x14
 723 04a0 EA040000 		.4byte	0x4ea
 724 04a4 15       		.uleb128 0x15
 725 04a5 E4040000 		.4byte	0x4e4
 726 04a9 00       		.byte	0
 727 04aa 16       		.uleb128 0x16
 728 04ab 63040000 		.4byte	.LASF70
 729 04af 08       		.byte	0x8
 730 04b0 30       		.byte	0x30
 731 04b1 1E010000 		.4byte	.LASF71
 732 04b5 F0040000 		.4byte	0x4f0
 733 04b9 01       		.byte	0x1
 734 04ba C2040000 		.4byte	0x4c2
 735 04be C8040000 		.4byte	0x4c8
 736 04c2 14       		.uleb128 0x14
 737 04c3 EA040000 		.4byte	0x4ea
 738 04c7 00       		.byte	0
 739 04c8 17       		.uleb128 0x17
 740 04c9 C4030000 		.4byte	.LASF72
 741 04cd 08       		.byte	0x8
ARM GAS  /tmp/ccteYjCU.s 			page 14


 742 04ce 31       		.byte	0x31
 743 04cf 30020000 		.4byte	.LASF73
 744 04d3 F7040000 		.4byte	0x4f7
 745 04d7 01       		.byte	0x1
 746 04d8 DC040000 		.4byte	0x4dc
 747 04dc 14       		.uleb128 0x14
 748 04dd EA040000 		.4byte	0x4ea
 749 04e1 00       		.byte	0
 750 04e2 00       		.byte	0
 751 04e3 00       		.byte	0
 752 04e4 09       		.uleb128 0x9
 753 04e5 04       		.byte	0x4
 754 04e6 EA020000 		.4byte	0x2ea
 755 04ea 09       		.uleb128 0x9
 756 04eb 04       		.byte	0x4
 757 04ec 6B040000 		.4byte	0x46b
 758 04f0 03       		.uleb128 0x3
 759 04f1 01       		.byte	0x1
 760 04f2 02       		.byte	0x2
 761 04f3 A1010000 		.4byte	.LASF74
 762 04f7 03       		.uleb128 0x3
 763 04f8 04       		.byte	0x4
 764 04f9 04       		.byte	0x4
 765 04fa B9010000 		.4byte	.LASF75
 766 04fe 1E       		.uleb128 0x1e
 767 04ff 8B040000 		.4byte	0x48b
 768 0503 01       		.byte	0x1
 769 0504 1E       		.byte	0x1e
 770 0505 00       		.byte	0
 771 0506 0E050000 		.4byte	0x50e
 772 050a 23050000 		.4byte	0x523
 773 050e 1F       		.uleb128 0x1f
 774 050f A9030000 		.4byte	.LASF76
 775 0513 23050000 		.4byte	0x523
 776 0517 20       		.uleb128 0x20
 777 0518 69326300 		.ascii	"i2c\000"
 778 051c 01       		.byte	0x1
 779 051d 1E       		.byte	0x1e
 780 051e E4040000 		.4byte	0x4e4
 781 0522 00       		.byte	0
 782 0523 0A       		.uleb128 0xa
 783 0524 EA040000 		.4byte	0x4ea
 784 0528 21       		.uleb128 0x21
 785 0529 FE040000 		.4byte	0x4fe
 786 052d 2E040000 		.4byte	.LASF86
 787 0531 00000000 		.4byte	.LFB37
 788 0535 08000000 		.4byte	.LFE37-.LFB37
 789 0539 01       		.uleb128 0x1
 790 053a 9C       		.byte	0x9c
 791 053b 43050000 		.4byte	0x543
 792 053f 52050000 		.4byte	0x552
 793 0543 22       		.uleb128 0x22
 794 0544 0E050000 		.4byte	0x50e
 795 0548 01       		.uleb128 0x1
 796 0549 50       		.byte	0x50
 797 054a 22       		.uleb128 0x22
 798 054b 17050000 		.4byte	0x517
ARM GAS  /tmp/ccteYjCU.s 			page 15


 799 054f 01       		.uleb128 0x1
 800 0550 51       		.byte	0x51
 801 0551 00       		.byte	0
 802 0552 23       		.uleb128 0x23
 803 0553 AA040000 		.4byte	0x4aa
 804 0557 01       		.byte	0x1
 805 0558 20       		.byte	0x20
 806 0559 00000000 		.4byte	.LFB39
 807 055d 1C000000 		.4byte	.LFE39-.LFB39
 808 0561 01       		.uleb128 0x1
 809 0562 9C       		.byte	0x9c
 810 0563 6B050000 		.4byte	0x56b
 811 0567 89050000 		.4byte	0x589
 812 056b 24       		.uleb128 0x24
 813 056c A9030000 		.4byte	.LASF76
 814 0570 23050000 		.4byte	0x523
 815 0574 00000000 		.4byte	.LLST0
 816 0578 25       		.uleb128 0x25
 817 0579 18000000 		.4byte	.LVL3
 818 057d 45030000 		.4byte	0x345
 819 0581 26       		.uleb128 0x26
 820 0582 01       		.uleb128 0x1
 821 0583 51       		.byte	0x51
 822 0584 02       		.uleb128 0x2
 823 0585 08       		.byte	0x8
 824 0586 38       		.byte	0x38
 825 0587 00       		.byte	0
 826 0588 00       		.byte	0
 827 0589 27       		.uleb128 0x27
 828 058a C8040000 		.4byte	0x4c8
 829 058e 01       		.byte	0x1
 830 058f 28       		.byte	0x28
 831 0590 00000000 		.4byte	.LFB40
 832 0594 2C000000 		.4byte	.LFE40-.LFB40
 833 0598 01       		.uleb128 0x1
 834 0599 9C       		.byte	0x9c
 835 059a A2050000 		.4byte	0x5a2
 836 059e EA050000 		.4byte	0x5ea
 837 05a2 24       		.uleb128 0x24
 838 05a3 A9030000 		.4byte	.LASF76
 839 05a7 23050000 		.4byte	0x523
 840 05ab 2C000000 		.4byte	.LLST1
 841 05af 28       		.uleb128 0x28
 842 05b0 00000000 		.4byte	.Ldebug_ranges0+0
 843 05b4 29       		.uleb128 0x29
 844 05b5 3B010000 		.4byte	.LASF77
 845 05b9 01       		.byte	0x1
 846 05ba 2D       		.byte	0x2d
 847 05bb EA050000 		.4byte	0x5ea
 848 05bf 04       		.byte	0x4
 849 05c0 EB76AF3A 		.4byte	0x3aaf76eb
 850 05c4 2A       		.uleb128 0x2a
 851 05c5 0C000000 		.4byte	.LVL6
 852 05c9 91030000 		.4byte	0x391
 853 05cd D8050000 		.4byte	0x5d8
 854 05d1 26       		.uleb128 0x26
 855 05d2 01       		.uleb128 0x1
ARM GAS  /tmp/ccteYjCU.s 			page 16


 856 05d3 51       		.byte	0x51
 857 05d4 02       		.uleb128 0x2
 858 05d5 08       		.byte	0x8
 859 05d6 39       		.byte	0x39
 860 05d7 00       		.byte	0
 861 05d8 25       		.uleb128 0x25
 862 05d9 16000000 		.4byte	.LVL7
 863 05dd 91030000 		.4byte	0x391
 864 05e1 26       		.uleb128 0x26
 865 05e2 01       		.uleb128 0x1
 866 05e3 51       		.byte	0x51
 867 05e4 02       		.uleb128 0x2
 868 05e5 08       		.byte	0x8
 869 05e6 38       		.byte	0x38
 870 05e7 00       		.byte	0
 871 05e8 00       		.byte	0
 872 05e9 00       		.byte	0
 873 05ea 0A       		.uleb128 0xa
 874 05eb F7040000 		.4byte	0x4f7
 875 05ef 2B       		.uleb128 0x2b
 876 05f0 0D040000 		.4byte	.LASF87
 877 05f4 09       		.byte	0x9
 878 05f5 CE06     		.2byte	0x6ce
 879 05f7 FB050000 		.4byte	0x5fb
 880 05fb 06       		.uleb128 0x6
 881 05fc 25000000 		.4byte	0x25
 882 0600 2C       		.uleb128 0x2c
 883 0601 8B040000 		.4byte	.LASF78
 884 0605 01       		.byte	0x1
 885 0606 19       		.byte	0x19
 886 0607 D7000000 		.4byte	0xd7
 887 060b 38       		.byte	0x38
 888 060c 2C       		.uleb128 0x2c
 889 060d 69040000 		.4byte	.LASF79
 890 0611 01       		.byte	0x1
 891 0612 1A       		.byte	0x1a
 892 0613 D7000000 		.4byte	0xd7
 893 0617 39       		.byte	0x39
 894 0618 00       		.byte	0
 895              		.section	.debug_abbrev,"",%progbits
 896              	.Ldebug_abbrev0:
 897 0000 01       		.uleb128 0x1
 898 0001 11       		.uleb128 0x11
 899 0002 01       		.byte	0x1
 900 0003 25       		.uleb128 0x25
 901 0004 0E       		.uleb128 0xe
 902 0005 13       		.uleb128 0x13
 903 0006 0B       		.uleb128 0xb
 904 0007 03       		.uleb128 0x3
 905 0008 0E       		.uleb128 0xe
 906 0009 1B       		.uleb128 0x1b
 907 000a 0E       		.uleb128 0xe
 908 000b 55       		.uleb128 0x55
 909 000c 17       		.uleb128 0x17
 910 000d 11       		.uleb128 0x11
 911 000e 01       		.uleb128 0x1
 912 000f 10       		.uleb128 0x10
ARM GAS  /tmp/ccteYjCU.s 			page 17


 913 0010 17       		.uleb128 0x17
 914 0011 00       		.byte	0
 915 0012 00       		.byte	0
 916 0013 02       		.uleb128 0x2
 917 0014 24       		.uleb128 0x24
 918 0015 00       		.byte	0
 919 0016 0B       		.uleb128 0xb
 920 0017 0B       		.uleb128 0xb
 921 0018 3E       		.uleb128 0x3e
 922 0019 0B       		.uleb128 0xb
 923 001a 03       		.uleb128 0x3
 924 001b 08       		.uleb128 0x8
 925 001c 00       		.byte	0
 926 001d 00       		.byte	0
 927 001e 03       		.uleb128 0x3
 928 001f 24       		.uleb128 0x24
 929 0020 00       		.byte	0
 930 0021 0B       		.uleb128 0xb
 931 0022 0B       		.uleb128 0xb
 932 0023 3E       		.uleb128 0x3e
 933 0024 0B       		.uleb128 0xb
 934 0025 03       		.uleb128 0x3
 935 0026 0E       		.uleb128 0xe
 936 0027 00       		.byte	0
 937 0028 00       		.byte	0
 938 0029 04       		.uleb128 0x4
 939 002a 16       		.uleb128 0x16
 940 002b 00       		.byte	0
 941 002c 03       		.uleb128 0x3
 942 002d 0E       		.uleb128 0xe
 943 002e 3A       		.uleb128 0x3a
 944 002f 0B       		.uleb128 0xb
 945 0030 3B       		.uleb128 0x3b
 946 0031 0B       		.uleb128 0xb
 947 0032 49       		.uleb128 0x49
 948 0033 13       		.uleb128 0x13
 949 0034 00       		.byte	0
 950 0035 00       		.byte	0
 951 0036 05       		.uleb128 0x5
 952 0037 0F       		.uleb128 0xf
 953 0038 00       		.byte	0
 954 0039 0B       		.uleb128 0xb
 955 003a 0B       		.uleb128 0xb
 956 003b 00       		.byte	0
 957 003c 00       		.byte	0
 958 003d 06       		.uleb128 0x6
 959 003e 35       		.uleb128 0x35
 960 003f 00       		.byte	0
 961 0040 49       		.uleb128 0x49
 962 0041 13       		.uleb128 0x13
 963 0042 00       		.byte	0
 964 0043 00       		.byte	0
 965 0044 07       		.uleb128 0x7
 966 0045 01       		.uleb128 0x1
 967 0046 01       		.byte	0x1
 968 0047 49       		.uleb128 0x49
 969 0048 13       		.uleb128 0x13
ARM GAS  /tmp/ccteYjCU.s 			page 18


 970 0049 01       		.uleb128 0x1
 971 004a 13       		.uleb128 0x13
 972 004b 00       		.byte	0
 973 004c 00       		.byte	0
 974 004d 08       		.uleb128 0x8
 975 004e 21       		.uleb128 0x21
 976 004f 00       		.byte	0
 977 0050 49       		.uleb128 0x49
 978 0051 13       		.uleb128 0x13
 979 0052 2F       		.uleb128 0x2f
 980 0053 0B       		.uleb128 0xb
 981 0054 00       		.byte	0
 982 0055 00       		.byte	0
 983 0056 09       		.uleb128 0x9
 984 0057 0F       		.uleb128 0xf
 985 0058 00       		.byte	0
 986 0059 0B       		.uleb128 0xb
 987 005a 0B       		.uleb128 0xb
 988 005b 49       		.uleb128 0x49
 989 005c 13       		.uleb128 0x13
 990 005d 00       		.byte	0
 991 005e 00       		.byte	0
 992 005f 0A       		.uleb128 0xa
 993 0060 26       		.uleb128 0x26
 994 0061 00       		.byte	0
 995 0062 49       		.uleb128 0x49
 996 0063 13       		.uleb128 0x13
 997 0064 00       		.byte	0
 998 0065 00       		.byte	0
 999 0066 0B       		.uleb128 0xb
 1000 0067 13       		.uleb128 0x13
 1001 0068 01       		.byte	0x1
 1002 0069 0B       		.uleb128 0xb
 1003 006a 05       		.uleb128 0x5
 1004 006b 3A       		.uleb128 0x3a
 1005 006c 0B       		.uleb128 0xb
 1006 006d 3B       		.uleb128 0x3b
 1007 006e 05       		.uleb128 0x5
 1008 006f 6E       		.uleb128 0x6e
 1009 0070 0E       		.uleb128 0xe
 1010 0071 01       		.uleb128 0x1
 1011 0072 13       		.uleb128 0x13
 1012 0073 00       		.byte	0
 1013 0074 00       		.byte	0
 1014 0075 0C       		.uleb128 0xc
 1015 0076 0D       		.uleb128 0xd
 1016 0077 00       		.byte	0
 1017 0078 03       		.uleb128 0x3
 1018 0079 0E       		.uleb128 0xe
 1019 007a 3A       		.uleb128 0x3a
 1020 007b 0B       		.uleb128 0xb
 1021 007c 3B       		.uleb128 0x3b
 1022 007d 05       		.uleb128 0x5
 1023 007e 49       		.uleb128 0x49
 1024 007f 13       		.uleb128 0x13
 1025 0080 38       		.uleb128 0x38
 1026 0081 0B       		.uleb128 0xb
ARM GAS  /tmp/ccteYjCU.s 			page 19


 1027 0082 00       		.byte	0
 1028 0083 00       		.byte	0
 1029 0084 0D       		.uleb128 0xd
 1030 0085 0D       		.uleb128 0xd
 1031 0086 00       		.byte	0
 1032 0087 03       		.uleb128 0x3
 1033 0088 0E       		.uleb128 0xe
 1034 0089 3A       		.uleb128 0x3a
 1035 008a 0B       		.uleb128 0xb
 1036 008b 3B       		.uleb128 0x3b
 1037 008c 05       		.uleb128 0x5
 1038 008d 49       		.uleb128 0x49
 1039 008e 13       		.uleb128 0x13
 1040 008f 38       		.uleb128 0x38
 1041 0090 05       		.uleb128 0x5
 1042 0091 00       		.byte	0
 1043 0092 00       		.byte	0
 1044 0093 0E       		.uleb128 0xe
 1045 0094 16       		.uleb128 0x16
 1046 0095 00       		.byte	0
 1047 0096 03       		.uleb128 0x3
 1048 0097 08       		.uleb128 0x8
 1049 0098 3A       		.uleb128 0x3a
 1050 0099 0B       		.uleb128 0xb
 1051 009a 3B       		.uleb128 0x3b
 1052 009b 05       		.uleb128 0x5
 1053 009c 49       		.uleb128 0x49
 1054 009d 13       		.uleb128 0x13
 1055 009e 00       		.byte	0
 1056 009f 00       		.byte	0
 1057 00a0 0F       		.uleb128 0xf
 1058 00a1 13       		.uleb128 0x13
 1059 00a2 01       		.byte	0x1
 1060 00a3 03       		.uleb128 0x3
 1061 00a4 0E       		.uleb128 0xe
 1062 00a5 0B       		.uleb128 0xb
 1063 00a6 0B       		.uleb128 0xb
 1064 00a7 3A       		.uleb128 0x3a
 1065 00a8 0B       		.uleb128 0xb
 1066 00a9 3B       		.uleb128 0x3b
 1067 00aa 0B       		.uleb128 0xb
 1068 00ab 01       		.uleb128 0x1
 1069 00ac 13       		.uleb128 0x13
 1070 00ad 00       		.byte	0
 1071 00ae 00       		.byte	0
 1072 00af 10       		.uleb128 0x10
 1073 00b0 0D       		.uleb128 0xd
 1074 00b1 00       		.byte	0
 1075 00b2 03       		.uleb128 0x3
 1076 00b3 0E       		.uleb128 0xe
 1077 00b4 3A       		.uleb128 0x3a
 1078 00b5 0B       		.uleb128 0xb
 1079 00b6 3B       		.uleb128 0x3b
 1080 00b7 0B       		.uleb128 0xb
 1081 00b8 49       		.uleb128 0x49
 1082 00b9 13       		.uleb128 0x13
 1083 00ba 38       		.uleb128 0x38
ARM GAS  /tmp/ccteYjCU.s 			page 20


 1084 00bb 0B       		.uleb128 0xb
 1085 00bc 00       		.byte	0
 1086 00bd 00       		.byte	0
 1087 00be 11       		.uleb128 0x11
 1088 00bf 39       		.uleb128 0x39
 1089 00c0 01       		.byte	0x1
 1090 00c1 03       		.uleb128 0x3
 1091 00c2 0E       		.uleb128 0xe
 1092 00c3 3A       		.uleb128 0x3a
 1093 00c4 0B       		.uleb128 0xb
 1094 00c5 3B       		.uleb128 0x3b
 1095 00c6 0B       		.uleb128 0xb
 1096 00c7 01       		.uleb128 0x1
 1097 00c8 13       		.uleb128 0x13
 1098 00c9 00       		.byte	0
 1099 00ca 00       		.byte	0
 1100 00cb 12       		.uleb128 0x12
 1101 00cc 02       		.uleb128 0x2
 1102 00cd 01       		.byte	0x1
 1103 00ce 03       		.uleb128 0x3
 1104 00cf 08       		.uleb128 0x8
 1105 00d0 0B       		.uleb128 0xb
 1106 00d1 0B       		.uleb128 0xb
 1107 00d2 3A       		.uleb128 0x3a
 1108 00d3 0B       		.uleb128 0xb
 1109 00d4 3B       		.uleb128 0x3b
 1110 00d5 0B       		.uleb128 0xb
 1111 00d6 01       		.uleb128 0x1
 1112 00d7 13       		.uleb128 0x13
 1113 00d8 00       		.byte	0
 1114 00d9 00       		.byte	0
 1115 00da 13       		.uleb128 0x13
 1116 00db 2E       		.uleb128 0x2e
 1117 00dc 01       		.byte	0x1
 1118 00dd 3F       		.uleb128 0x3f
 1119 00de 19       		.uleb128 0x19
 1120 00df 03       		.uleb128 0x3
 1121 00e0 0E       		.uleb128 0xe
 1122 00e1 3A       		.uleb128 0x3a
 1123 00e2 0B       		.uleb128 0xb
 1124 00e3 3B       		.uleb128 0x3b
 1125 00e4 0B       		.uleb128 0xb
 1126 00e5 6E       		.uleb128 0x6e
 1127 00e6 0E       		.uleb128 0xe
 1128 00e7 32       		.uleb128 0x32
 1129 00e8 0B       		.uleb128 0xb
 1130 00e9 3C       		.uleb128 0x3c
 1131 00ea 19       		.uleb128 0x19
 1132 00eb 64       		.uleb128 0x64
 1133 00ec 13       		.uleb128 0x13
 1134 00ed 01       		.uleb128 0x1
 1135 00ee 13       		.uleb128 0x13
 1136 00ef 00       		.byte	0
 1137 00f0 00       		.byte	0
 1138 00f1 14       		.uleb128 0x14
 1139 00f2 05       		.uleb128 0x5
 1140 00f3 00       		.byte	0
ARM GAS  /tmp/ccteYjCU.s 			page 21


 1141 00f4 49       		.uleb128 0x49
 1142 00f5 13       		.uleb128 0x13
 1143 00f6 34       		.uleb128 0x34
 1144 00f7 19       		.uleb128 0x19
 1145 00f8 00       		.byte	0
 1146 00f9 00       		.byte	0
 1147 00fa 15       		.uleb128 0x15
 1148 00fb 05       		.uleb128 0x5
 1149 00fc 00       		.byte	0
 1150 00fd 49       		.uleb128 0x49
 1151 00fe 13       		.uleb128 0x13
 1152 00ff 00       		.byte	0
 1153 0100 00       		.byte	0
 1154 0101 16       		.uleb128 0x16
 1155 0102 2E       		.uleb128 0x2e
 1156 0103 01       		.byte	0x1
 1157 0104 3F       		.uleb128 0x3f
 1158 0105 19       		.uleb128 0x19
 1159 0106 03       		.uleb128 0x3
 1160 0107 0E       		.uleb128 0xe
 1161 0108 3A       		.uleb128 0x3a
 1162 0109 0B       		.uleb128 0xb
 1163 010a 3B       		.uleb128 0x3b
 1164 010b 0B       		.uleb128 0xb
 1165 010c 6E       		.uleb128 0x6e
 1166 010d 0E       		.uleb128 0xe
 1167 010e 49       		.uleb128 0x49
 1168 010f 13       		.uleb128 0x13
 1169 0110 32       		.uleb128 0x32
 1170 0111 0B       		.uleb128 0xb
 1171 0112 3C       		.uleb128 0x3c
 1172 0113 19       		.uleb128 0x19
 1173 0114 64       		.uleb128 0x64
 1174 0115 13       		.uleb128 0x13
 1175 0116 01       		.uleb128 0x1
 1176 0117 13       		.uleb128 0x13
 1177 0118 00       		.byte	0
 1178 0119 00       		.byte	0
 1179 011a 17       		.uleb128 0x17
 1180 011b 2E       		.uleb128 0x2e
 1181 011c 01       		.byte	0x1
 1182 011d 3F       		.uleb128 0x3f
 1183 011e 19       		.uleb128 0x19
 1184 011f 03       		.uleb128 0x3
 1185 0120 0E       		.uleb128 0xe
 1186 0121 3A       		.uleb128 0x3a
 1187 0122 0B       		.uleb128 0xb
 1188 0123 3B       		.uleb128 0x3b
 1189 0124 0B       		.uleb128 0xb
 1190 0125 6E       		.uleb128 0x6e
 1191 0126 0E       		.uleb128 0xe
 1192 0127 49       		.uleb128 0x49
 1193 0128 13       		.uleb128 0x13
 1194 0129 32       		.uleb128 0x32
 1195 012a 0B       		.uleb128 0xb
 1196 012b 3C       		.uleb128 0x3c
 1197 012c 19       		.uleb128 0x19
ARM GAS  /tmp/ccteYjCU.s 			page 22


 1198 012d 64       		.uleb128 0x64
 1199 012e 13       		.uleb128 0x13
 1200 012f 00       		.byte	0
 1201 0130 00       		.byte	0
 1202 0131 18       		.uleb128 0x18
 1203 0132 17       		.uleb128 0x17
 1204 0133 01       		.byte	0x1
 1205 0134 03       		.uleb128 0x3
 1206 0135 0E       		.uleb128 0xe
 1207 0136 0B       		.uleb128 0xb
 1208 0137 0B       		.uleb128 0xb
 1209 0138 3A       		.uleb128 0x3a
 1210 0139 0B       		.uleb128 0xb
 1211 013a 3B       		.uleb128 0x3b
 1212 013b 0B       		.uleb128 0xb
 1213 013c 01       		.uleb128 0x1
 1214 013d 13       		.uleb128 0x13
 1215 013e 00       		.byte	0
 1216 013f 00       		.byte	0
 1217 0140 19       		.uleb128 0x19
 1218 0141 0D       		.uleb128 0xd
 1219 0142 00       		.byte	0
 1220 0143 03       		.uleb128 0x3
 1221 0144 08       		.uleb128 0x8
 1222 0145 3A       		.uleb128 0x3a
 1223 0146 0B       		.uleb128 0xb
 1224 0147 3B       		.uleb128 0x3b
 1225 0148 0B       		.uleb128 0xb
 1226 0149 49       		.uleb128 0x49
 1227 014a 13       		.uleb128 0x13
 1228 014b 0B       		.uleb128 0xb
 1229 014c 0B       		.uleb128 0xb
 1230 014d 0D       		.uleb128 0xd
 1231 014e 0B       		.uleb128 0xb
 1232 014f 0C       		.uleb128 0xc
 1233 0150 0B       		.uleb128 0xb
 1234 0151 38       		.uleb128 0x38
 1235 0152 0B       		.uleb128 0xb
 1236 0153 00       		.byte	0
 1237 0154 00       		.byte	0
 1238 0155 1A       		.uleb128 0x1a
 1239 0156 0D       		.uleb128 0xd
 1240 0157 00       		.byte	0
 1241 0158 03       		.uleb128 0x3
 1242 0159 0E       		.uleb128 0xe
 1243 015a 3A       		.uleb128 0x3a
 1244 015b 0B       		.uleb128 0xb
 1245 015c 3B       		.uleb128 0x3b
 1246 015d 0B       		.uleb128 0xb
 1247 015e 49       		.uleb128 0x49
 1248 015f 13       		.uleb128 0x13
 1249 0160 0B       		.uleb128 0xb
 1250 0161 0B       		.uleb128 0xb
 1251 0162 0D       		.uleb128 0xd
 1252 0163 0B       		.uleb128 0xb
 1253 0164 0C       		.uleb128 0xc
 1254 0165 0B       		.uleb128 0xb
ARM GAS  /tmp/ccteYjCU.s 			page 23


 1255 0166 38       		.uleb128 0x38
 1256 0167 0B       		.uleb128 0xb
 1257 0168 00       		.byte	0
 1258 0169 00       		.byte	0
 1259 016a 1B       		.uleb128 0x1b
 1260 016b 0D       		.uleb128 0xd
 1261 016c 00       		.byte	0
 1262 016d 03       		.uleb128 0x3
 1263 016e 0E       		.uleb128 0xe
 1264 016f 3A       		.uleb128 0x3a
 1265 0170 0B       		.uleb128 0xb
 1266 0171 3B       		.uleb128 0x3b
 1267 0172 0B       		.uleb128 0xb
 1268 0173 49       		.uleb128 0x49
 1269 0174 13       		.uleb128 0x13
 1270 0175 00       		.byte	0
 1271 0176 00       		.byte	0
 1272 0177 1C       		.uleb128 0x1c
 1273 0178 02       		.uleb128 0x2
 1274 0179 01       		.byte	0x1
 1275 017a 03       		.uleb128 0x3
 1276 017b 0E       		.uleb128 0xe
 1277 017c 0B       		.uleb128 0xb
 1278 017d 0B       		.uleb128 0xb
 1279 017e 3A       		.uleb128 0x3a
 1280 017f 0B       		.uleb128 0xb
 1281 0180 3B       		.uleb128 0x3b
 1282 0181 0B       		.uleb128 0xb
 1283 0182 00       		.byte	0
 1284 0183 00       		.byte	0
 1285 0184 1D       		.uleb128 0x1d
 1286 0185 2E       		.uleb128 0x2e
 1287 0186 01       		.byte	0x1
 1288 0187 3F       		.uleb128 0x3f
 1289 0188 19       		.uleb128 0x19
 1290 0189 03       		.uleb128 0x3
 1291 018a 0E       		.uleb128 0xe
 1292 018b 3A       		.uleb128 0x3a
 1293 018c 0B       		.uleb128 0xb
 1294 018d 3B       		.uleb128 0x3b
 1295 018e 0B       		.uleb128 0xb
 1296 018f 49       		.uleb128 0x49
 1297 0190 13       		.uleb128 0x13
 1298 0191 32       		.uleb128 0x32
 1299 0192 0B       		.uleb128 0xb
 1300 0193 3C       		.uleb128 0x3c
 1301 0194 19       		.uleb128 0x19
 1302 0195 64       		.uleb128 0x64
 1303 0196 13       		.uleb128 0x13
 1304 0197 01       		.uleb128 0x1
 1305 0198 13       		.uleb128 0x13
 1306 0199 00       		.byte	0
 1307 019a 00       		.byte	0
 1308 019b 1E       		.uleb128 0x1e
 1309 019c 2E       		.uleb128 0x2e
 1310 019d 01       		.byte	0x1
 1311 019e 47       		.uleb128 0x47
ARM GAS  /tmp/ccteYjCU.s 			page 24


 1312 019f 13       		.uleb128 0x13
 1313 01a0 3A       		.uleb128 0x3a
 1314 01a1 0B       		.uleb128 0xb
 1315 01a2 3B       		.uleb128 0x3b
 1316 01a3 0B       		.uleb128 0xb
 1317 01a4 20       		.uleb128 0x20
 1318 01a5 0B       		.uleb128 0xb
 1319 01a6 64       		.uleb128 0x64
 1320 01a7 13       		.uleb128 0x13
 1321 01a8 01       		.uleb128 0x1
 1322 01a9 13       		.uleb128 0x13
 1323 01aa 00       		.byte	0
 1324 01ab 00       		.byte	0
 1325 01ac 1F       		.uleb128 0x1f
 1326 01ad 05       		.uleb128 0x5
 1327 01ae 00       		.byte	0
 1328 01af 03       		.uleb128 0x3
 1329 01b0 0E       		.uleb128 0xe
 1330 01b1 49       		.uleb128 0x49
 1331 01b2 13       		.uleb128 0x13
 1332 01b3 34       		.uleb128 0x34
 1333 01b4 19       		.uleb128 0x19
 1334 01b5 00       		.byte	0
 1335 01b6 00       		.byte	0
 1336 01b7 20       		.uleb128 0x20
 1337 01b8 05       		.uleb128 0x5
 1338 01b9 00       		.byte	0
 1339 01ba 03       		.uleb128 0x3
 1340 01bb 08       		.uleb128 0x8
 1341 01bc 3A       		.uleb128 0x3a
 1342 01bd 0B       		.uleb128 0xb
 1343 01be 3B       		.uleb128 0x3b
 1344 01bf 0B       		.uleb128 0xb
 1345 01c0 49       		.uleb128 0x49
 1346 01c1 13       		.uleb128 0x13
 1347 01c2 00       		.byte	0
 1348 01c3 00       		.byte	0
 1349 01c4 21       		.uleb128 0x21
 1350 01c5 2E       		.uleb128 0x2e
 1351 01c6 01       		.byte	0x1
 1352 01c7 31       		.uleb128 0x31
 1353 01c8 13       		.uleb128 0x13
 1354 01c9 6E       		.uleb128 0x6e
 1355 01ca 0E       		.uleb128 0xe
 1356 01cb 11       		.uleb128 0x11
 1357 01cc 01       		.uleb128 0x1
 1358 01cd 12       		.uleb128 0x12
 1359 01ce 06       		.uleb128 0x6
 1360 01cf 40       		.uleb128 0x40
 1361 01d0 18       		.uleb128 0x18
 1362 01d1 64       		.uleb128 0x64
 1363 01d2 13       		.uleb128 0x13
 1364 01d3 9742     		.uleb128 0x2117
 1365 01d5 19       		.uleb128 0x19
 1366 01d6 01       		.uleb128 0x1
 1367 01d7 13       		.uleb128 0x13
 1368 01d8 00       		.byte	0
ARM GAS  /tmp/ccteYjCU.s 			page 25


 1369 01d9 00       		.byte	0
 1370 01da 22       		.uleb128 0x22
 1371 01db 05       		.uleb128 0x5
 1372 01dc 00       		.byte	0
 1373 01dd 31       		.uleb128 0x31
 1374 01de 13       		.uleb128 0x13
 1375 01df 02       		.uleb128 0x2
 1376 01e0 18       		.uleb128 0x18
 1377 01e1 00       		.byte	0
 1378 01e2 00       		.byte	0
 1379 01e3 23       		.uleb128 0x23
 1380 01e4 2E       		.uleb128 0x2e
 1381 01e5 01       		.byte	0x1
 1382 01e6 47       		.uleb128 0x47
 1383 01e7 13       		.uleb128 0x13
 1384 01e8 3A       		.uleb128 0x3a
 1385 01e9 0B       		.uleb128 0xb
 1386 01ea 3B       		.uleb128 0x3b
 1387 01eb 0B       		.uleb128 0xb
 1388 01ec 11       		.uleb128 0x11
 1389 01ed 01       		.uleb128 0x1
 1390 01ee 12       		.uleb128 0x12
 1391 01ef 06       		.uleb128 0x6
 1392 01f0 40       		.uleb128 0x40
 1393 01f1 18       		.uleb128 0x18
 1394 01f2 64       		.uleb128 0x64
 1395 01f3 13       		.uleb128 0x13
 1396 01f4 9742     		.uleb128 0x2117
 1397 01f6 19       		.uleb128 0x19
 1398 01f7 01       		.uleb128 0x1
 1399 01f8 13       		.uleb128 0x13
 1400 01f9 00       		.byte	0
 1401 01fa 00       		.byte	0
 1402 01fb 24       		.uleb128 0x24
 1403 01fc 05       		.uleb128 0x5
 1404 01fd 00       		.byte	0
 1405 01fe 03       		.uleb128 0x3
 1406 01ff 0E       		.uleb128 0xe
 1407 0200 49       		.uleb128 0x49
 1408 0201 13       		.uleb128 0x13
 1409 0202 34       		.uleb128 0x34
 1410 0203 19       		.uleb128 0x19
 1411 0204 02       		.uleb128 0x2
 1412 0205 17       		.uleb128 0x17
 1413 0206 00       		.byte	0
 1414 0207 00       		.byte	0
 1415 0208 25       		.uleb128 0x25
 1416 0209 898201   		.uleb128 0x4109
 1417 020c 01       		.byte	0x1
 1418 020d 11       		.uleb128 0x11
 1419 020e 01       		.uleb128 0x1
 1420 020f 31       		.uleb128 0x31
 1421 0210 13       		.uleb128 0x13
 1422 0211 00       		.byte	0
 1423 0212 00       		.byte	0
 1424 0213 26       		.uleb128 0x26
 1425 0214 8A8201   		.uleb128 0x410a
ARM GAS  /tmp/ccteYjCU.s 			page 26


 1426 0217 00       		.byte	0
 1427 0218 02       		.uleb128 0x2
 1428 0219 18       		.uleb128 0x18
 1429 021a 9142     		.uleb128 0x2111
 1430 021c 18       		.uleb128 0x18
 1431 021d 00       		.byte	0
 1432 021e 00       		.byte	0
 1433 021f 27       		.uleb128 0x27
 1434 0220 2E       		.uleb128 0x2e
 1435 0221 01       		.byte	0x1
 1436 0222 47       		.uleb128 0x47
 1437 0223 13       		.uleb128 0x13
 1438 0224 3A       		.uleb128 0x3a
 1439 0225 0B       		.uleb128 0xb
 1440 0226 3B       		.uleb128 0x3b
 1441 0227 0B       		.uleb128 0xb
 1442 0228 11       		.uleb128 0x11
 1443 0229 01       		.uleb128 0x1
 1444 022a 12       		.uleb128 0x12
 1445 022b 06       		.uleb128 0x6
 1446 022c 40       		.uleb128 0x40
 1447 022d 18       		.uleb128 0x18
 1448 022e 64       		.uleb128 0x64
 1449 022f 13       		.uleb128 0x13
 1450 0230 9642     		.uleb128 0x2116
 1451 0232 19       		.uleb128 0x19
 1452 0233 01       		.uleb128 0x1
 1453 0234 13       		.uleb128 0x13
 1454 0235 00       		.byte	0
 1455 0236 00       		.byte	0
 1456 0237 28       		.uleb128 0x28
 1457 0238 0B       		.uleb128 0xb
 1458 0239 01       		.byte	0x1
 1459 023a 55       		.uleb128 0x55
 1460 023b 17       		.uleb128 0x17
 1461 023c 00       		.byte	0
 1462 023d 00       		.byte	0
 1463 023e 29       		.uleb128 0x29
 1464 023f 34       		.uleb128 0x34
 1465 0240 00       		.byte	0
 1466 0241 03       		.uleb128 0x3
 1467 0242 0E       		.uleb128 0xe
 1468 0243 3A       		.uleb128 0x3a
 1469 0244 0B       		.uleb128 0xb
 1470 0245 3B       		.uleb128 0x3b
 1471 0246 0B       		.uleb128 0xb
 1472 0247 49       		.uleb128 0x49
 1473 0248 13       		.uleb128 0x13
 1474 0249 1C       		.uleb128 0x1c
 1475 024a 0A       		.uleb128 0xa
 1476 024b 00       		.byte	0
 1477 024c 00       		.byte	0
 1478 024d 2A       		.uleb128 0x2a
 1479 024e 898201   		.uleb128 0x4109
 1480 0251 01       		.byte	0x1
 1481 0252 11       		.uleb128 0x11
 1482 0253 01       		.uleb128 0x1
ARM GAS  /tmp/ccteYjCU.s 			page 27


 1483 0254 31       		.uleb128 0x31
 1484 0255 13       		.uleb128 0x13
 1485 0256 01       		.uleb128 0x1
 1486 0257 13       		.uleb128 0x13
 1487 0258 00       		.byte	0
 1488 0259 00       		.byte	0
 1489 025a 2B       		.uleb128 0x2b
 1490 025b 34       		.uleb128 0x34
 1491 025c 00       		.byte	0
 1492 025d 03       		.uleb128 0x3
 1493 025e 0E       		.uleb128 0xe
 1494 025f 3A       		.uleb128 0x3a
 1495 0260 0B       		.uleb128 0xb
 1496 0261 3B       		.uleb128 0x3b
 1497 0262 05       		.uleb128 0x5
 1498 0263 49       		.uleb128 0x49
 1499 0264 13       		.uleb128 0x13
 1500 0265 3F       		.uleb128 0x3f
 1501 0266 19       		.uleb128 0x19
 1502 0267 3C       		.uleb128 0x3c
 1503 0268 19       		.uleb128 0x19
 1504 0269 00       		.byte	0
 1505 026a 00       		.byte	0
 1506 026b 2C       		.uleb128 0x2c
 1507 026c 34       		.uleb128 0x34
 1508 026d 00       		.byte	0
 1509 026e 03       		.uleb128 0x3
 1510 026f 0E       		.uleb128 0xe
 1511 0270 3A       		.uleb128 0x3a
 1512 0271 0B       		.uleb128 0xb
 1513 0272 3B       		.uleb128 0x3b
 1514 0273 0B       		.uleb128 0xb
 1515 0274 49       		.uleb128 0x49
 1516 0275 13       		.uleb128 0x13
 1517 0276 1C       		.uleb128 0x1c
 1518 0277 0B       		.uleb128 0xb
 1519 0278 00       		.byte	0
 1520 0279 00       		.byte	0
 1521 027a 00       		.byte	0
 1522              		.section	.debug_loc,"",%progbits
 1523              	.Ldebug_loc0:
 1524              	.LLST0:
 1525 0000 00000000 		.4byte	.LVL1
 1526 0004 12000000 		.4byte	.LVL2
 1527 0008 0100     		.2byte	0x1
 1528 000a 50       		.byte	0x50
 1529 000b 12000000 		.4byte	.LVL2
 1530 000f 17000000 		.4byte	.LVL3-1
 1531 0013 0100     		.2byte	0x1
 1532 0015 53       		.byte	0x53
 1533 0016 17000000 		.4byte	.LVL3-1
 1534 001a 1C000000 		.4byte	.LFE39
 1535 001e 0400     		.2byte	0x4
 1536 0020 F3       		.byte	0xf3
 1537 0021 01       		.uleb128 0x1
 1538 0022 50       		.byte	0x50
 1539 0023 9F       		.byte	0x9f
ARM GAS  /tmp/ccteYjCU.s 			page 28


 1540 0024 00000000 		.4byte	0
 1541 0028 00000000 		.4byte	0
 1542              	.LLST1:
 1543 002c 00000000 		.4byte	.LVL4
 1544 0030 08000000 		.4byte	.LVL5
 1545 0034 0100     		.2byte	0x1
 1546 0036 50       		.byte	0x50
 1547 0037 08000000 		.4byte	.LVL5
 1548 003b 26000000 		.4byte	.LVL10
 1549 003f 0100     		.2byte	0x1
 1550 0041 54       		.byte	0x54
 1551 0042 26000000 		.4byte	.LVL10
 1552 0046 2C000000 		.4byte	.LFE40
 1553 004a 0400     		.2byte	0x4
 1554 004c F3       		.byte	0xf3
 1555 004d 01       		.uleb128 0x1
 1556 004e 50       		.byte	0x50
 1557 004f 9F       		.byte	0x9f
 1558 0050 00000000 		.4byte	0
 1559 0054 00000000 		.4byte	0
 1560              		.section	.debug_aranges,"",%progbits
 1561 0000 2C000000 		.4byte	0x2c
 1562 0004 0200     		.2byte	0x2
 1563 0006 00000000 		.4byte	.Ldebug_info0
 1564 000a 04       		.byte	0x4
 1565 000b 00       		.byte	0
 1566 000c 0000     		.2byte	0
 1567 000e 0000     		.2byte	0
 1568 0010 00000000 		.4byte	.LFB37
 1569 0014 08000000 		.4byte	.LFE37-.LFB37
 1570 0018 00000000 		.4byte	.LFB39
 1571 001c 1C000000 		.4byte	.LFE39-.LFB39
 1572 0020 00000000 		.4byte	.LFB40
 1573 0024 2C000000 		.4byte	.LFE40-.LFB40
 1574 0028 00000000 		.4byte	0
 1575 002c 00000000 		.4byte	0
 1576              		.section	.debug_ranges,"",%progbits
 1577              	.Ldebug_ranges0:
 1578 0000 02000000 		.4byte	.LBB3
 1579 0004 04000000 		.4byte	.LBE3
 1580 0008 06000000 		.4byte	.LBB4
 1581 000c 24000000 		.4byte	.LBE4
 1582 0010 00000000 		.4byte	0
 1583 0014 00000000 		.4byte	0
 1584 0018 00000000 		.4byte	.LFB37
 1585 001c 08000000 		.4byte	.LFE37
 1586 0020 00000000 		.4byte	.LFB39
 1587 0024 1C000000 		.4byte	.LFE39
 1588 0028 00000000 		.4byte	.LFB40
 1589 002c 2C000000 		.4byte	.LFE40
 1590 0030 00000000 		.4byte	0
 1591 0034 00000000 		.4byte	0
 1592              		.section	.debug_line,"",%progbits
 1593              	.Ldebug_line0:
 1594 0000 7B010000 		.section	.debug_str,"MS",%progbits,1
 1594      02003501 
 1594      00000201 
ARM GAS  /tmp/ccteYjCU.s 			page 29


 1594      FB0E0D00 
 1594      01010101 
 1595              	.LASF25:
 1596 0000 5457495F 		.ascii	"TWI_IER\000"
 1596      49455200 
 1597              	.LASF38:
 1598 0008 5457495F 		.ascii	"TWI_TNCR\000"
 1598      544E4352 
 1598      00
 1599              	.LASF45:
 1600 0011 5F417379 		.ascii	"_Async\000"
 1600      6E6300
 1601              	.LASF56:
 1602 0018 52656164 		.ascii	"ReadByte\000"
 1602      42797465 
 1602      00
 1603              	.LASF80:
 1604 0021 474E5520 		.ascii	"GNU C++ 4.9.3 20150529 (prerelease) -mcpu=cortex-m3"
 1604      432B2B20 
 1604      342E392E 
 1604      33203230 
 1604      31353035 
 1605 0054 202D6D6E 		.ascii	" -mno-thumb-interwork -mthumb -ggdb -O2 -fomit-fram"
 1605      6F2D7468 
 1605      756D622D 
 1605      696E7465 
 1605      72776F72 
 1606 0087 652D706F 		.ascii	"e-pointer -falign-functions=16 -ffunction-sections "
 1606      696E7465 
 1606      72202D66 
 1606      616C6967 
 1606      6E2D6675 
 1607 00ba 2D666461 		.ascii	"-fdata-sections -fno-common -fno-rtti\000"
 1607      74612D73 
 1607      65637469 
 1607      6F6E7320 
 1607      2D666E6F 
 1608              	.LASF49:
 1609 00e0 54776964 		.ascii	"Twid\000"
 1609      00
 1610              	.LASF13:
 1611 00e5 73697A65 		.ascii	"sizetype\000"
 1611      74797065 
 1611      00
 1612              	.LASF37:
 1613 00ee 5457495F 		.ascii	"TWI_TNPR\000"
 1613      544E5052 
 1613      00
 1614              	.LASF27:
 1615 00f7 5457495F 		.ascii	"TWI_IMR\000"
 1615      494D5200 
 1616              	.LASF47:
 1617 00ff 70547769 		.ascii	"pTwi\000"
 1617      00
 1618              	.LASF7:
 1619 0104 5F5F7569 		.ascii	"__uint32_t\000"
 1619      6E743332 
ARM GAS  /tmp/ccteYjCU.s 			page 30


 1619      5F7400
 1620              	.LASF24:
 1621 010f 5457495F 		.ascii	"TWI_SR\000"
 1621      535200
 1622              	.LASF84:
 1623 0116 63726561 		.ascii	"creator\000"
 1623      746F7200 
 1624              	.LASF71:
 1625 011e 5F5A4E37 		.ascii	"_ZN7creator8VEML60705BeginEv\000"
 1625      63726561 
 1625      746F7238 
 1625      56454D4C 
 1625      36303730 
 1626              	.LASF77:
 1627 013b 76656D5F 		.ascii	"vem_fact\000"
 1627      66616374 
 1627      00
 1628              	.LASF34:
 1629 0144 5457495F 		.ascii	"TWI_TCR\000"
 1629      54435200 
 1630              	.LASF17:
 1631 014c 52775265 		.ascii	"RwReg\000"
 1631      6700
 1632              	.LASF59:
 1633 0152 52656164 		.ascii	"ReadBytes\000"
 1633      42797465 
 1633      7300
 1634              	.LASF23:
 1635 015c 52657365 		.ascii	"Reserved1\000"
 1635      72766564 
 1635      3100
 1636              	.LASF30:
 1637 0166 52657365 		.ascii	"Reserved2\000"
 1637      72766564 
 1637      3200
 1638              	.LASF11:
 1639 0170 75696E74 		.ascii	"uint8_t\000"
 1639      385F7400 
 1640              	.LASF61:
 1641 0178 6669656C 		.ascii	"fields_t\000"
 1641      64735F74 
 1641      00
 1642              	.LASF60:
 1643 0181 5F5A4E37 		.ascii	"_ZN7creator3I2C9ReadBytesEhhPhh\000"
 1643      63726561 
 1643      746F7233 
 1643      49324339 
 1643      52656164 
 1644              	.LASF74:
 1645 01a1 626F6F6C 		.ascii	"bool\000"
 1645      00
 1646              	.LASF39:
 1647 01a6 5457495F 		.ascii	"TWI_PTCR\000"
 1647      50544352 
 1647      00
 1648              	.LASF3:
 1649 01af 73686F72 		.ascii	"short int\000"
ARM GAS  /tmp/ccteYjCU.s 			page 31


 1649      7420696E 
 1649      7400
 1650              	.LASF75:
 1651 01b9 666C6F61 		.ascii	"float\000"
 1651      7400
 1652              	.LASF9:
 1653 01bf 6C6F6E67 		.ascii	"long long int\000"
 1653      206C6F6E 
 1653      6720696E 
 1653      7400
 1654              	.LASF51:
 1655 01cd 496E6974 		.ascii	"Init\000"
 1655      00
 1656              	.LASF5:
 1657 01d2 6C6F6E67 		.ascii	"long int\000"
 1657      20696E74 
 1657      00
 1658              	.LASF62:
 1659 01db 72657365 		.ascii	"reserved0\000"
 1659      72766564 
 1659      3000
 1660              	.LASF44:
 1661 01e5 4173796E 		.ascii	"Async\000"
 1661      6300
 1662              	.LASF6:
 1663 01eb 5F5F7569 		.ascii	"__uint8_t\000"
 1663      6E74385F 
 1663      7400
 1664              	.LASF20:
 1665 01f5 5457495F 		.ascii	"TWI_SMR\000"
 1665      534D5200 
 1666              	.LASF55:
 1667 01fd 5F5A4E37 		.ascii	"_ZN7creator3I2C9WriteByteEhh\000"
 1667      63726561 
 1667      746F7233 
 1667      49324339 
 1667      57726974 
 1668              	.LASF29:
 1669 021a 5457495F 		.ascii	"TWI_THR\000"
 1669      54485200 
 1670              	.LASF32:
 1671 0222 5457495F 		.ascii	"TWI_RCR\000"
 1671      52435200 
 1672              	.LASF15:
 1673 022a 526F5265 		.ascii	"RoReg\000"
 1673      6700
 1674              	.LASF73:
 1675 0230 5F5A4E37 		.ascii	"_ZN7creator8VEML60705GetUVEv\000"
 1675      63726561 
 1675      746F7238 
 1675      56454D4C 
 1675      36303730 
 1676              	.LASF2:
 1677 024d 756E7369 		.ascii	"unsigned char\000"
 1677      676E6564 
 1677      20636861 
 1677      7200
ARM GAS  /tmp/ccteYjCU.s 			page 32


 1678              	.LASF36:
 1679 025b 5457495F 		.ascii	"TWI_RNCR\000"
 1679      524E4352 
 1679      00
 1680              	.LASF66:
 1681 0264 6669656C 		.ascii	"fields\000"
 1681      647300
 1682              	.LASF63:
 1683 026b 41434B5F 		.ascii	"ACK_THD\000"
 1683      54484400 
 1684              	.LASF1:
 1685 0273 7369676E 		.ascii	"signed char\000"
 1685      65642063 
 1685      68617200 
 1686              	.LASF10:
 1687 027f 6C6F6E67 		.ascii	"long long unsigned int\000"
 1687      206C6F6E 
 1687      6720756E 
 1687      7369676E 
 1687      65642069 
 1688              	.LASF58:
 1689 0296 5F5A4E37 		.ascii	"_ZN7creator3I2C8ReadByteEh\000"
 1689      63726561 
 1689      746F7233 
 1689      49324338 
 1689      52656164 
 1690              	.LASF12:
 1691 02b1 75696E74 		.ascii	"uint32_t\000"
 1691      33325F74 
 1691      00
 1692              	.LASF43:
 1693 02ba 7053746F 		.ascii	"pStorage\000"
 1693      72616765 
 1693      00
 1694              	.LASF0:
 1695 02c3 756E7369 		.ascii	"unsigned int\000"
 1695      676E6564 
 1695      20696E74 
 1695      00
 1696              	.LASF40:
 1697 02d0 5457495F 		.ascii	"TWI_PTSR\000"
 1697      50545352 
 1697      00
 1698              	.LASF57:
 1699 02d9 5F5A4E37 		.ascii	"_ZN7creator3I2C8ReadByteEhh\000"
 1699      63726561 
 1699      746F7233 
 1699      49324338 
 1699      52656164 
 1700              	.LASF81:
 1701 02f5 76656D6C 		.ascii	"veml6070.cpp\000"
 1701      36303730 
 1701      2E637070 
 1701      00
 1702              	.LASF68:
 1703 0302 4346475F 		.ascii	"CFG_REG_\000"
 1703      5245475F 
ARM GAS  /tmp/ccteYjCU.s 			page 33


 1703      00
 1704              	.LASF4:
 1705 030b 73686F72 		.ascii	"short unsigned int\000"
 1705      7420756E 
 1705      7369676E 
 1705      65642069 
 1705      6E7400
 1706              	.LASF83:
 1707 031e 33547769 		.ascii	"3Twi\000"
 1707      00
 1708              	.LASF41:
 1709 0323 73746174 		.ascii	"status\000"
 1709      757300
 1710              	.LASF69:
 1711 032a 56454D4C 		.ascii	"VEML6070\000"
 1711      36303730 
 1711      00
 1712              	.LASF82:
 1713 0333 2F686F6D 		.ascii	"/home/gaby/Documentos/Tesis/PruebaMatrixPWM/mcu/cre"
 1713      652F6761 
 1713      62792F44 
 1713      6F63756D 
 1713      656E746F 
 1714 0366 61746F72 		.ascii	"ator\000"
 1714      00
 1715              	.LASF14:
 1716 036b 63686172 		.ascii	"char\000"
 1716      00
 1717              	.LASF22:
 1718 0370 5457495F 		.ascii	"TWI_CWGR\000"
 1718      43574752 
 1718      00
 1719              	.LASF54:
 1720 0379 5F5A4E37 		.ascii	"_ZN7creator3I2C9WriteByteEhhh\000"
 1720      63726561 
 1720      746F7233 
 1720      49324339 
 1720      57726974 
 1721              	.LASF33:
 1722 0397 5457495F 		.ascii	"TWI_TPR\000"
 1722      54505200 
 1723              	.LASF48:
 1724 039f 70547261 		.ascii	"pTransfer\000"
 1724      6E736665 
 1724      7200
 1725              	.LASF76:
 1726 03a9 74686973 		.ascii	"this\000"
 1726      00
 1727              	.LASF65:
 1728 03ae 64617461 		.ascii	"data\000"
 1728      00
 1729              	.LASF85:
 1730 03b3 76656D6C 		.ascii	"veml6070_CFG_REG\000"
 1730      36303730 
 1730      5F434647 
 1730      5F524547 
 1730      00
ARM GAS  /tmp/ccteYjCU.s 			page 34


 1731              	.LASF72:
 1732 03c4 47657455 		.ascii	"GetUV\000"
 1732      5600
 1733              	.LASF26:
 1734 03ca 5457495F 		.ascii	"TWI_IDR\000"
 1734      49445200 
 1735              	.LASF8:
 1736 03d2 6C6F6E67 		.ascii	"long unsigned int\000"
 1736      20756E73 
 1736      69676E65 
 1736      6420696E 
 1736      7400
 1737              	.LASF28:
 1738 03e4 5457495F 		.ascii	"TWI_RHR\000"
 1738      52485200 
 1739              	.LASF64:
 1740 03ec 72657365 		.ascii	"reserbed1\000"
 1740      72626564 
 1740      3100
 1741              	.LASF53:
 1742 03f6 5F5A4E37 		.ascii	"_ZN7creator3I2C4InitEv\000"
 1742      63726561 
 1742      746F7233 
 1742      49324334 
 1742      496E6974 
 1743              	.LASF87:
 1744 040d 49544D5F 		.ascii	"ITM_RxBuffer\000"
 1744      52784275 
 1744      66666572 
 1744      00
 1745              	.LASF46:
 1746 041a 5F547769 		.ascii	"_Twid\000"
 1746      6400
 1747              	.LASF16:
 1748 0420 576F5265 		.ascii	"WoReg\000"
 1748      6700
 1749              	.LASF19:
 1750 0426 5457495F 		.ascii	"TWI_MMR\000"
 1750      4D4D5200 
 1751              	.LASF86:
 1752 042e 5F5A4E37 		.ascii	"_ZN7creator8VEML6070C2EPNS_3I2CE\000"
 1752      63726561 
 1752      746F7238 
 1752      56454D4C 
 1752      36303730 
 1753              	.LASF67:
 1754 044f 6932635F 		.ascii	"i2c_\000"
 1754      00
 1755              	.LASF18:
 1756 0454 5457495F 		.ascii	"TWI_CR\000"
 1756      435200
 1757              	.LASF31:
 1758 045b 5457495F 		.ascii	"TWI_RPR\000"
 1758      52505200 
 1759              	.LASF70:
 1760 0463 42656769 		.ascii	"Begin\000"
 1760      6E00
ARM GAS  /tmp/ccteYjCU.s 			page 35


 1761              	.LASF79:
 1762 0469 56454D4C 		.ascii	"VEML6070_ADDR_2\000"
 1762      36303730 
 1762      5F414444 
 1762      525F3200 
 1763              	.LASF21:
 1764 0479 5457495F 		.ascii	"TWI_IADR\000"
 1764      49414452 
 1764      00
 1765              	.LASF35:
 1766 0482 5457495F 		.ascii	"TWI_RNPR\000"
 1766      524E5052 
 1766      00
 1767              	.LASF78:
 1768 048b 56454D4C 		.ascii	"VEML6070_ADDR_1\000"
 1768      36303730 
 1768      5F414444 
 1768      525F3100 
 1769              	.LASF42:
 1770 049b 63616C6C 		.ascii	"callback\000"
 1770      6261636B 
 1770      00
 1771              	.LASF50:
 1772 04a4 74776964 		.ascii	"twid_\000"
 1772      5F00
 1773              	.LASF52:
 1774 04aa 57726974 		.ascii	"WriteByte\000"
 1774      65427974 
 1774      6500
 1775              		.ident	"GCC: (15:4.9.3+svn231177-1) 4.9.3 20150529 (prerelease)"
ARM GAS  /tmp/ccteYjCU.s 			page 36


DEFINED SYMBOLS
                            *ABS*:0000000000000000 veml6070.cpp
     /tmp/ccteYjCU.s:19     .text._ZN7creator8VEML6070C2EPNS_3I2CE:0000000000000000 $t
     /tmp/ccteYjCU.s:25     .text._ZN7creator8VEML6070C2EPNS_3I2CE:0000000000000000 _ZN7creator8VEML6070C2EPNS_3I2CE
.ARM.exidx.text._ZN7creator8VEML6070C2EPNS_3I2CE:0000000000000000 $d
     /tmp/ccteYjCU.s:25     .text._ZN7creator8VEML6070C2EPNS_3I2CE:0000000000000000 _ZN7creator8VEML6070C1EPNS_3I2CE
     /tmp/ccteYjCU.s:50     .text._ZN7creator8VEML60705BeginEv:0000000000000000 $t
     /tmp/ccteYjCU.s:56     .text._ZN7creator8VEML60705BeginEv:0000000000000000 _ZN7creator8VEML60705BeginEv
.ARM.extab.text._ZN7creator8VEML60705BeginEv:0000000000000000 $d
.ARM.exidx.text._ZN7creator8VEML60705BeginEv:0000000000000000 $d
     /tmp/ccteYjCU.s:96     .text._ZN7creator8VEML60705GetUVEv:0000000000000000 $t
     /tmp/ccteYjCU.s:102    .text._ZN7creator8VEML60705GetUVEv:0000000000000000 _ZN7creator8VEML60705GetUVEv
     /tmp/ccteYjCU.s:151    .text._ZN7creator8VEML60705GetUVEv:0000000000000028 $d
.ARM.exidx.text._ZN7creator8VEML60705GetUVEv:0000000000000000 $d
                     .debug_frame:0000000000000010 $d

UNDEFINED SYMBOLS
_ZN7creator3I2C9WriteByteEhh
__aeabi_unwind_cpp_pr1
__aeabi_i2f
__aeabi_fmul
_ZN7creator3I2C8ReadByteEh
__aeabi_unwind_cpp_pr0
